<?xml version="1.0" encoding="UTF-8"?>
<testng-results ignored="0" total="1" passed="0" failed="1" skipped="0">
  <reporter-output>
  </reporter-output>
  <suite started-at="2023-08-29T12:42:34 COT" name="Regression" finished-at="2023-08-29T12:42:38 COT" duration-ms="4055">
    <groups>
    </groups>
    <test started-at="2023-08-29T12:42:34 COT" name="Demo" finished-at="2023-08-29T12:42:38 COT" duration-ms="4055">
      <class name="UITests.Tests">
        <test-method is-config="true" signature="setUp()[pri:0, instance:UITests.Tests@6bd61f98]" started-at="2023-08-29T12:42:34 COT" name="setUp" finished-at="2023-08-29T12:42:37 COT" duration-ms="3806" status="PASS">
          <reporter-output>
          </reporter-output>
        </test-method> <!-- setUp -->
        <test-method signature="AddToShoppingCart2()[pri:0, instance:UITests.Tests@6bd61f98]" started-at="2023-08-29T12:42:37 COT" name="AddToShoppingCart2" finished-at="2023-08-29T12:42:37 COT" duration-ms="4" status="FAIL">
          <exception class="java.lang.StackOverflowError">
            <full-stacktrace>
              <![CDATA[java.lang.StackOverflowError
at Elements.NavBarElement.<init>(NavBarElement.java:11)
at Pages.BasePage.<init>(BasePage.java:11)
at Elements.NavBarElement.<init>(NavBarElement.java:11)
at Pages.BasePage.<init>(BasePage.java:11)
at Elements.NavBarElement.<init>(NavBarElement.java:11)
at Pages.BasePage.<init>(BasePage.java:11)
at Elements.NavBarElement.<init>(NavBarElement.java:11)
at Pages.BasePage.<init>(BasePage.java:11)
at Elements.NavBarElement.<init>(NavBarElement.java:11)
at Pages.BasePage.<init>(BasePage.java:11)
at Elements.NavBarElement.<init>(NavBarElement.java:11)
at Pages.BasePage.<init>(BasePage.java:11)
at Elements.NavBarElement.<init>(NavBarElement.java:11)
at Pages.BasePage.<init>(BasePage.java:11)
at Elements.NavBarElement.<init>(NavBarElement.java:11)
at Pages.BasePage.<init>(BasePage.java:11)
at Elements.NavBarElement.<init>(NavBarElement.java:11)
at Pages.BasePage.<init>(BasePage.java:11)
at Elements.NavBarElement.<init>(NavBarElement.java:11)
at Pages.BasePage.<init>(BasePage.java:11)
at Elements.NavBarElement.<init>(NavBarElement.java:11)
at Pages.BasePage.<init>(BasePage.java:11)
at Elements.NavBarElement.<init>(NavBarElement.java:11)
at Pages.BasePage.<init>(BasePage.java:11)
at Elements.NavBarElement.<init>(NavBarElement.java:11)
at Pages.BasePage.<init>(BasePage.java:11)
at Elements.NavBarElement.<init>(NavBarElement.java:11)
at Pages.BasePage.<init>(BasePage.java:11)
at Elements.NavBarElement.<init>(NavBarElement.java:11)
at Pages.BasePage.<init>(BasePage.java:11)
at Elements.NavBarElement.<init>(NavBarElement.java:11)
at Pages.BasePage.<init>(BasePage.java:11)
at Elements.NavBarElement.<init>(NavBarElement.java:11)
at Pages.BasePage.<init>(BasePage.java:11)
at Elements.NavBarElement.<init>(NavBarElement.java:11)
at Pages.BasePage.<init>(BasePage.java:11)
at Elements.NavBarElement.<init>(NavBarElement.java:11)
at Pages.BasePage.<init>(BasePage.java:11)
at Elements.NavBarElement.<init>(NavBarElement.java:11)
at Pages.BasePage.<init>(BasePage.java:11)
at Elements.NavBarElement.<init>(NavBarElement.java:11)
at Pages.BasePage.<init>(BasePage.java:11)
at Elements.NavBarElement.<init>(NavBarElement.java:11)
at Pages.BasePage.<init>(BasePage.java:11)
at Elements.NavBarElement.<init>(NavBarElement.java:11)
at Pages.BasePage.<init>(BasePage.java:11)
at Elements.NavBarElement.<init>(NavBarElement.java:11)
at Pages.BasePage.<init>(BasePage.java:11)
at Elements.NavBarElement.<init>(NavBarElement.java:11)
at Pages.BasePage.<init>(BasePage.java:11)
at Elements.NavBarElement.<init>(NavBarElement.java:11)
at Pages.BasePage.<init>(BasePage.java:11)
at Elements.NavBarElement.<init>(NavBarElement.java:11)
at Pages.BasePage.<init>(BasePage.java:11)
at Elements.NavBarElement.<init>(NavBarElement.java:11)
at Pages.BasePage.<init>(BasePage.java:11)
at Elements.NavBarElement.<init>(NavBarElement.java:11)
at Pages.BasePage.<init>(BasePage.java:11)
at Elements.NavBarElement.<init>(NavBarElement.java:11)
at Pages.BasePage.<init>(BasePage.java:11)
at Elements.NavBarElement.<init>(NavBarElement.java:11)
at Pages.BasePage.<init>(BasePage.java:11)
at Elements.NavBarElement.<init>(NavBarElement.java:11)
at Pages.BasePage.<init>(BasePage.java:11)
at Elements.NavBarElement.<init>(NavBarElement.java:11)
at Pages.BasePage.<init>(BasePage.java:11)
at Elements.NavBarElement.<init>(NavBarElement.java:11)
at Pages.BasePage.<init>(BasePage.java:11)
at Elements.NavBarElement.<init>(NavBarElement.java:11)
at Pages.BasePage.<init>(BasePage.java:11)
at Elements.NavBarElement.<init>(NavBarElement.java:11)
at Pages.BasePage.<init>(BasePage.java:11)
at Elements.NavBarElement.<init>(NavBarElement.java:11)
at Pages.BasePage.<init>(BasePage.java:11)
at Elements.NavBarElement.<init>(NavBarElement.java:11)
at Pages.BasePage.<init>(BasePage.java:11)
at Elements.NavBarElement.<init>(NavBarElement.java:11)
at Pages.BasePage.<init>(BasePage.java:11)
at Elements.NavBarElement.<init>(NavBarElement.java:11)
at Pages.BasePage.<init>(BasePage.java:11)
at Elements.NavBarElement.<init>(NavBarElement.java:11)
at Pages.BasePage.<init>(BasePage.java:11)
at Elements.NavBarElement.<init>(NavBarElement.java:11)
at Pages.BasePage.<init>(BasePage.java:11)
at Elements.NavBarElement.<init>(NavBarElement.java:11)
at Pages.BasePage.<init>(BasePage.java:11)
at Elements.NavBarElement.<init>(NavBarElement.java:11)
at Pages.BasePage.<init>(BasePage.java:11)
at Elements.NavBarElement.<init>(NavBarElement.java:11)
at Pages.BasePage.<init>(BasePage.java:11)
at Elements.NavBarElement.<init>(NavBarElement.java:11)
at Pages.BasePage.<init>(BasePage.java:11)
at Elements.NavBarElement.<init>(NavBarElement.java:11)
at Pages.BasePage.<init>(BasePage.java:11)
at Elements.NavBarElement.<init>(NavBarElement.java:11)
at Pages.BasePage.<init>(BasePage.java:11)
at Elements.NavBarElement.<init>(NavBarElement.java:11)
at Pages.BasePage.<init>(BasePage.java:11)
at Elements.NavBarElement.<init>(NavBarElement.java:11)
at Pages.BasePage.<init>(BasePage.java:11)
at Elements.NavBarElement.<init>(NavBarElement.java:11)
at Pages.BasePage.<init>(BasePage.java:11)
at Elements.NavBarElement.<init>(NavBarElement.java:11)
at Pages.BasePage.<init>(BasePage.java:11)
at Elements.NavBarElement.<init>(NavBarElement.java:11)
at Pages.BasePage.<init>(BasePage.java:11)
at Elements.NavBarElement.<init>(NavBarElement.java:11)
at Pages.BasePage.<init>(BasePage.java:11)
at Elements.NavBarElement.<init>(NavBarElement.java:11)
at Pages.BasePage.<init>(BasePage.java:11)
at Elements.NavBarElement.<init>(NavBarElement.java:11)
at Pages.BasePage.<init>(BasePage.java:11)
at Elements.NavBarElement.<init>(NavBarElement.java:11)
at Pages.BasePage.<init>(BasePage.java:11)
at Elements.NavBarElement.<init>(NavBarElement.java:11)
at Pages.BasePage.<init>(BasePage.java:11)
at Elements.NavBarElement.<init>(NavBarElement.java:11)
at Pages.BasePage.<init>(BasePage.java:11)
at Elements.NavBarElement.<init>(NavBarElement.java:11)
at Pages.BasePage.<init>(BasePage.java:11)
at Elements.NavBarElement.<init>(NavBarElement.java:11)
at Pages.BasePage.<init>(BasePage.java:11)
at Elements.NavBarElement.<init>(NavBarElement.java:11)
at Pages.BasePage.<init>(BasePage.java:11)
at Elements.NavBarElement.<init>(NavBarElement.java:11)
at Pages.BasePage.<init>(BasePage.java:11)
at Elements.NavBarElement.<init>(NavBarElement.java:11)
at Pages.BasePage.<init>(BasePage.java:11)
at Elements.NavBarElement.<init>(NavBarElement.java:11)
at Pages.BasePage.<init>(BasePage.java:11)
at Elements.NavBarElement.<init>(NavBarElement.java:11)
at Pages.BasePage.<init>(BasePage.java:11)
at Elements.NavBarElement.<init>(NavBarElement.java:11)
at Pages.BasePage.<init>(BasePage.java:11)
at Elements.NavBarElement.<init>(NavBarElement.java:11)
at Pages.BasePage.<init>(BasePage.java:11)
at Elements.NavBarElement.<init>(NavBarElement.java:11)
at Pages.BasePage.<init>(BasePage.java:11)
at Elements.NavBarElement.<init>(NavBarElement.java:11)
at Pages.BasePage.<init>(BasePage.java:11)
at Elements.NavBarElement.<init>(NavBarElement.java:11)
at Pages.BasePage.<init>(BasePage.java:11)
at Elements.NavBarElement.<init>(NavBarElement.java:11)
at Pages.BasePage.<init>(BasePage.java:11)
at Elements.NavBarElement.<init>(NavBarElement.java:11)
at Pages.BasePage.<init>(BasePage.java:11)
at Elements.NavBarElement.<init>(NavBarElement.java:11)
at Pages.BasePage.<init>(BasePage.java:11)
at Elements.NavBarElement.<init>(NavBarElement.java:11)
at Pages.BasePage.<init>(BasePage.java:11)
at Elements.NavBarElement.<init>(NavBarElement.java:11)
at Pages.BasePage.<init>(BasePage.java:11)
at Elements.NavBarElement.<init>(NavBarElement.java:11)
at Pages.BasePage.<init>(BasePage.java:11)
at Elements.NavBarElement.<init>(NavBarElement.java:11)
at Pages.BasePage.<init>(BasePage.java:11)
at Elements.NavBarElement.<init>(NavBarElement.java:11)
at Pages.BasePage.<init>(BasePage.java:11)
at Elements.NavBarElement.<init>(NavBarElement.java:11)
at Pages.BasePage.<init>(BasePage.java:11)
at Elements.NavBarElement.<init>(NavBarElement.java:11)
at Pages.BasePage.<init>(BasePage.java:11)
at Elements.NavBarElement.<init>(NavBarElement.java:11)
at Pages.BasePage.<init>(BasePage.java:11)
at Elements.NavBarElement.<init>(NavBarElement.java:11)
at Pages.BasePage.<init>(BasePage.java:11)
at Elements.NavBarElement.<init>(NavBarElement.java:11)
at Pages.BasePage.<init>(BasePage.java:11)
at Elements.NavBarElement.<init>(NavBarElement.java:11)
at Pages.BasePage.<init>(BasePage.java:11)
at Elements.NavBarElement.<init>(NavBarElement.java:11)
at Pages.BasePage.<init>(BasePage.java:11)
at Elements.NavBarElement.<init>(NavBarElement.java:11)
at Pages.BasePage.<init>(BasePage.java:11)
at Elements.NavBarElement.<init>(NavBarElement.java:11)
at Pages.BasePage.<init>(BasePage.java:11)
at Elements.NavBarElement.<init>(NavBarElement.java:11)
at Pages.BasePage.<init>(BasePage.java:11)
at Elements.NavBarElement.<init>(NavBarElement.java:11)
at Pages.BasePage.<init>(BasePage.java:11)
at Elements.NavBarElement.<init>(NavBarElement.java:11)
at Pages.BasePage.<init>(BasePage.java:11)
at Elements.NavBarElement.<init>(NavBarElement.java:11)
at Pages.BasePage.<init>(BasePage.java:11)
at Elements.NavBarElement.<init>(NavBarElement.java:11)
at Pages.BasePage.<init>(BasePage.java:11)
at Elements.NavBarElement.<init>(NavBarElement.java:11)
at Pages.BasePage.<init>(BasePage.java:11)
at Elements.NavBarElement.<init>(NavBarElement.java:11)
at Pages.BasePage.<init>(BasePage.java:11)
at Elements.NavBarElement.<init>(NavBarElement.java:11)
at Pages.BasePage.<init>(BasePage.java:11)
at Elements.NavBarElement.<init>(NavBarElement.java:11)
at Pages.BasePage.<init>(BasePage.java:11)
at Elements.NavBarElement.<init>(NavBarElement.java:11)
at Pages.BasePage.<init>(BasePage.java:11)
at Elements.NavBarElement.<init>(NavBarElement.java:11)
at Pages.BasePage.<init>(BasePage.java:11)
at Elements.NavBarElement.<init>(NavBarElement.java:11)
at Pages.BasePage.<init>(BasePage.java:11)
at Elements.NavBarElement.<init>(NavBarElement.java:11)
at Pages.BasePage.<init>(BasePage.java:11)
at Elements.NavBarElement.<init>(NavBarElement.java:11)
at Pages.BasePage.<init>(BasePage.java:11)
at Elements.NavBarElement.<init>(NavBarElement.java:11)
at Pages.BasePage.<init>(BasePage.java:11)
at Elements.NavBarElement.<init>(NavBarElement.java:11)
at Pages.BasePage.<init>(BasePage.java:11)
at Elements.NavBarElement.<init>(NavBarElement.java:11)
at Pages.BasePage.<init>(BasePage.java:11)
at Elements.NavBarElement.<init>(NavBarElement.java:11)
at Pages.BasePage.<init>(BasePage.java:11)
at Elements.NavBarElement.<init>(NavBarElement.java:11)
at Pages.BasePage.<init>(BasePage.java:11)
at Elements.NavBarElement.<init>(NavBarElement.java:11)
at Pages.BasePage.<init>(BasePage.java:11)
at Elements.NavBarElement.<init>(NavBarElement.java:11)
at Pages.BasePage.<init>(BasePage.java:11)
at Elements.NavBarElement.<init>(NavBarElement.java:11)
at Pages.BasePage.<init>(BasePage.java:11)
at Elements.NavBarElement.<init>(NavBarElement.java:11)
at Pages.BasePage.<init>(BasePage.java:11)
at Elements.NavBarElement.<init>(NavBarElement.java:11)
at Pages.BasePage.<init>(BasePage.java:11)
at Elements.NavBarElement.<init>(NavBarElement.java:11)
at Pages.BasePage.<init>(BasePage.java:11)
at Elements.NavBarElement.<init>(NavBarElement.java:11)
at Pages.BasePage.<init>(BasePage.java:11)
at Elements.NavBarElement.<init>(NavBarElement.java:11)
at Pages.BasePage.<init>(BasePage.java:11)
at Elements.NavBarElement.<init>(NavBarElement.java:11)
at Pages.BasePage.<init>(BasePage.java:11)
at Elements.NavBarElement.<init>(NavBarElement.java:11)
at Pages.BasePage.<init>(BasePage.java:11)
at Elements.NavBarElement.<init>(NavBarElement.java:11)
at Pages.BasePage.<init>(BasePage.java:11)
at Elements.NavBarElement.<init>(NavBarElement.java:11)
at Pages.BasePage.<init>(BasePage.java:11)
at Elements.NavBarElement.<init>(NavBarElement.java:11)
at Pages.BasePage.<init>(BasePage.java:11)
at Elements.NavBarElement.<init>(NavBarElement.java:11)
at Pages.BasePage.<init>(BasePage.java:11)
at Elements.NavBarElement.<init>(NavBarElement.java:11)
at Pages.BasePage.<init>(BasePage.java:11)
at Elements.NavBarElement.<init>(NavBarElement.java:11)
at Pages.BasePage.<init>(BasePage.java:11)
at Elements.NavBarElement.<init>(NavBarElement.java:11)
at Pages.BasePage.<init>(BasePage.java:11)
at Elements.NavBarElement.<init>(NavBarElement.java:11)
at Pages.BasePage.<init>(BasePage.java:11)
at Elements.NavBarElement.<init>(NavBarElement.java:11)
at Pages.BasePage.<init>(BasePage.java:11)
at Elements.NavBarElement.<init>(NavBarElement.java:11)
at Pages.BasePage.<init>(BasePage.java:11)
at Elements.NavBarElement.<init>(NavBarElement.java:11)
at Pages.BasePage.<init>(BasePage.java:11)
at Elements.NavBarElement.<init>(NavBarElement.java:11)
at Pages.BasePage.<init>(BasePage.java:11)
at Elements.NavBarElement.<init>(NavBarElement.java:11)
at Pages.BasePage.<init>(BasePage.java:11)
at Elements.NavBarElement.<init>(NavBarElement.java:11)
at Pages.BasePage.<init>(BasePage.java:11)
at Elements.NavBarElement.<init>(NavBarElement.java:11)
at Pages.BasePage.<init>(BasePage.java:11)
at Elements.NavBarElement.<init>(NavBarElement.java:11)
at Pages.BasePage.<init>(BasePage.java:11)
at Elements.NavBarElement.<init>(NavBarElement.java:11)
at Pages.BasePage.<init>(BasePage.java:11)
at Elements.NavBarElement.<init>(NavBarElement.java:11)
at Pages.BasePage.<init>(BasePage.java:11)
at Elements.NavBarElement.<init>(NavBarElement.java:11)
at Pages.BasePage.<init>(BasePage.java:11)
at Elements.NavBarElement.<init>(NavBarElement.java:11)
at Pages.BasePage.<init>(BasePage.java:11)
at Elements.NavBarElement.<init>(NavBarElement.java:11)
at Pages.BasePage.<init>(BasePage.java:11)
at Elements.NavBarElement.<init>(NavBarElement.java:11)
at Pages.BasePage.<init>(BasePage.java:11)
at Elements.NavBarElement.<init>(NavBarElement.java:11)
at Pages.BasePage.<init>(BasePage.java:11)
at Elements.NavBarElement.<init>(NavBarElement.java:11)
at Pages.BasePage.<init>(BasePage.java:11)
at Elements.NavBarElement.<init>(NavBarElement.java:11)
at Pages.BasePage.<init>(BasePage.java:11)
at Elements.NavBarElement.<init>(NavBarElement.java:11)
at Pages.BasePage.<init>(BasePage.java:11)
at Elements.NavBarElement.<init>(NavBarElement.java:11)
at Pages.BasePage.<init>(BasePage.java:11)
at Elements.NavBarElement.<init>(NavBarElement.java:11)
at Pages.BasePage.<init>(BasePage.java:11)
at Elements.NavBarElement.<init>(NavBarElement.java:11)
at Pages.BasePage.<init>(BasePage.java:11)
at Elements.NavBarElement.<init>(NavBarElement.java:11)
at Pages.BasePage.<init>(BasePage.java:11)
at Elements.NavBarElement.<init>(NavBarElement.java:11)
at Pages.BasePage.<init>(BasePage.java:11)
at Elements.NavBarElement.<init>(NavBarElement.java:11)
at Pages.BasePage.<init>(BasePage.java:11)
at Elements.NavBarElement.<init>(NavBarElement.java:11)
at Pages.BasePage.<init>(BasePage.java:11)
at Elements.NavBarElement.<init>(NavBarElement.java:11)
at Pages.BasePage.<init>(BasePage.java:11)
at Elements.NavBarElement.<init>(NavBarElement.java:11)
at Pages.BasePage.<init>(BasePage.java:11)
at Elements.NavBarElement.<init>(NavBarElement.java:11)
at Pages.BasePage.<init>(BasePage.java:11)
at Elements.NavBarElement.<init>(NavBarElement.java:11)
at Pages.BasePage.<init>(BasePage.java:11)
at Elements.NavBarElement.<init>(NavBarElement.java:11)
at Pages.BasePage.<init>(BasePage.java:11)
at Elements.NavBarElement.<init>(NavBarElement.java:11)
at Pages.BasePage.<init>(BasePage.java:11)
at Elements.NavBarElement.<init>(NavBarElement.java:11)
at Pages.BasePage.<init>(BasePage.java:11)
at Elements.NavBarElement.<init>(NavBarElement.java:11)
at Pages.BasePage.<init>(BasePage.java:11)
at Elements.NavBarElement.<init>(NavBarElement.java:11)
at Pages.BasePage.<init>(BasePage.java:11)
at Elements.NavBarElement.<init>(NavBarElement.java:11)
at Pages.BasePage.<init>(BasePage.java:11)
at Elements.NavBarElement.<init>(NavBarElement.java:11)
at Pages.BasePage.<init>(BasePage.java:11)
at Elements.NavBarElement.<init>(NavBarElement.java:11)
at Pages.BasePage.<init>(BasePage.java:11)
at Elements.NavBarElement.<init>(NavBarElement.java:11)
at Pages.BasePage.<init>(BasePage.java:11)
at Elements.NavBarElement.<init>(NavBarElement.java:11)
at Pages.BasePage.<init>(BasePage.java:11)
at Elements.NavBarElement.<init>(NavBarElement.java:11)
at Pages.BasePage.<init>(BasePage.java:11)
at Elements.NavBarElement.<init>(NavBarElement.java:11)
at Pages.BasePage.<init>(BasePage.java:11)
at Elements.NavBarElement.<init>(NavBarElement.java:11)
at Pages.BasePage.<init>(BasePage.java:11)
at Elements.NavBarElement.<init>(NavBarElement.java:11)
at Pages.BasePage.<init>(BasePage.java:11)
at Elements.NavBarElement.<init>(NavBarElement.java:11)
at Pages.BasePage.<init>(BasePage.java:11)
at Elements.NavBarElement.<init>(NavBarElement.java:11)
at Pages.BasePage.<init>(BasePage.java:11)
at Elements.NavBarElement.<init>(NavBarElement.java:11)
at Pages.BasePage.<init>(BasePage.java:11)
at Elements.NavBarElement.<init>(NavBarElement.java:11)
at Pages.BasePage.<init>(BasePage.java:11)
at Elements.NavBarElement.<init>(NavBarElement.java:11)
at Pages.BasePage.<init>(BasePage.java:11)
at Elements.NavBarElement.<init>(NavBarElement.java:11)
at Pages.BasePage.<init>(BasePage.java:11)
at Elements.NavBarElement.<init>(NavBarElement.java:11)
at Pages.BasePage.<init>(BasePage.java:11)
at Elements.NavBarElement.<init>(NavBarElement.java:11)
at Pages.BasePage.<init>(BasePage.java:11)
at Elements.NavBarElement.<init>(NavBarElement.java:11)
at Pages.BasePage.<init>(BasePage.java:11)
at Elements.NavBarElement.<init>(NavBarElement.java:11)
at Pages.BasePage.<init>(BasePage.java:11)
at Elements.NavBarElement.<init>(NavBarElement.java:11)
at Pages.BasePage.<init>(BasePage.java:11)
at Elements.NavBarElement.<init>(NavBarElement.java:11)
at Pages.BasePage.<init>(BasePage.java:11)
at Elements.NavBarElement.<init>(NavBarElement.java:11)
at Pages.BasePage.<init>(BasePage.java:11)
at Elements.NavBarElement.<init>(NavBarElement.java:11)
at Pages.BasePage.<init>(BasePage.java:11)
at Elements.NavBarElement.<init>(NavBarElement.java:11)
at Pages.BasePage.<init>(BasePage.java:11)
at Elements.NavBarElement.<init>(NavBarElement.java:11)
at Pages.BasePage.<init>(BasePage.java:11)
at Elements.NavBarElement.<init>(NavBarElement.java:11)
at Pages.BasePage.<init>(BasePage.java:11)
at Elements.NavBarElement.<init>(NavBarElement.java:11)
at Pages.BasePage.<init>(BasePage.java:11)
at Elements.NavBarElement.<init>(NavBarElement.java:11)
at Pages.BasePage.<init>(BasePage.java:11)
at Elements.NavBarElement.<init>(NavBarElement.java:11)
at Pages.BasePage.<init>(BasePage.java:11)
at Elements.NavBarElement.<init>(NavBarElement.java:11)
at Pages.BasePage.<init>(BasePage.java:11)
at Elements.NavBarElement.<init>(NavBarElement.java:11)
at Pages.BasePage.<init>(BasePage.java:11)
at Elements.NavBarElement.<init>(NavBarElement.java:11)
at Pages.BasePage.<init>(BasePage.java:11)
at Elements.NavBarElement.<init>(NavBarElement.java:11)
at Pages.BasePage.<init>(BasePage.java:11)
at Elements.NavBarElement.<init>(NavBarElement.java:11)
at Pages.BasePage.<init>(BasePage.java:11)
at Elements.NavBarElement.<init>(NavBarElement.java:11)
at Pages.BasePage.<init>(BasePage.java:11)
at Elements.NavBarElement.<init>(NavBarElement.java:11)
at Pages.BasePage.<init>(BasePage.java:11)
at Elements.NavBarElement.<init>(NavBarElement.java:11)
at Pages.BasePage.<init>(BasePage.java:11)
at Elements.NavBarElement.<init>(NavBarElement.java:11)
at Pages.BasePage.<init>(BasePage.java:11)
at Elements.NavBarElement.<init>(NavBarElement.java:11)
at Pages.BasePage.<init>(BasePage.java:11)
at Elements.NavBarElement.<init>(NavBarElement.java:11)
at Pages.BasePage.<init>(BasePage.java:11)
at Elements.NavBarElement.<init>(NavBarElement.java:11)
at Pages.BasePage.<init>(BasePage.java:11)
at Elements.NavBarElement.<init>(NavBarElement.java:11)
at Pages.BasePage.<init>(BasePage.java:11)
at Elements.NavBarElement.<init>(NavBarElement.java:11)
at Pages.BasePage.<init>(BasePage.java:11)
at Elements.NavBarElement.<init>(NavBarElement.java:11)
at Pages.BasePage.<init>(BasePage.java:11)
at Elements.NavBarElement.<init>(NavBarElement.java:11)
at Pages.BasePage.<init>(BasePage.java:11)
at Elements.NavBarElement.<init>(NavBarElement.java:11)
at Pages.BasePage.<init>(BasePage.java:11)
at Elements.NavBarElement.<init>(NavBarElement.java:11)
at Pages.BasePage.<init>(BasePage.java:11)
at Elements.NavBarElement.<init>(NavBarElement.java:11)
at Pages.BasePage.<init>(BasePage.java:11)
at Elements.NavBarElement.<init>(NavBarElement.java:11)
at Pages.BasePage.<init>(BasePage.java:11)
at Elements.NavBarElement.<init>(NavBarElement.java:11)
at Pages.BasePage.<init>(BasePage.java:11)
at Elements.NavBarElement.<init>(NavBarElement.java:11)
at Pages.BasePage.<init>(BasePage.java:11)
at Elements.NavBarElement.<init>(NavBarElement.java:11)
at Pages.BasePage.<init>(BasePage.java:11)
at Elements.NavBarElement.<init>(NavBarElement.java:11)
at Pages.BasePage.<init>(BasePage.java:11)
at Elements.NavBarElement.<init>(NavBarElement.java:11)
at Pages.BasePage.<init>(BasePage.java:11)
at Elements.NavBarElement.<init>(NavBarElement.java:11)
at Pages.BasePage.<init>(BasePage.java:11)
at Elements.NavBarElement.<init>(NavBarElement.java:11)
at Pages.BasePage.<init>(BasePage.java:11)
at Elements.NavBarElement.<init>(NavBarElement.java:11)
at Pages.BasePage.<init>(BasePage.java:11)
at Elements.NavBarElement.<init>(NavBarElement.java:11)
at Pages.BasePage.<init>(BasePage.java:11)
at Elements.NavBarElement.<init>(NavBarElement.java:11)
at Pages.BasePage.<init>(BasePage.java:11)
at Elements.NavBarElement.<init>(NavBarElement.java:11)
at Pages.BasePage.<init>(BasePage.java:11)
at Elements.NavBarElement.<init>(NavBarElement.java:11)
at Pages.BasePage.<init>(BasePage.java:11)
at Elements.NavBarElement.<init>(NavBarElement.java:11)
at Pages.BasePage.<init>(BasePage.java:11)
at Elements.NavBarElement.<init>(NavBarElement.java:11)
at Pages.BasePage.<init>(BasePage.java:11)
at Elements.NavBarElement.<init>(NavBarElement.java:11)
at Pages.BasePage.<init>(BasePage.java:11)
at Elements.NavBarElement.<init>(NavBarElement.java:11)
at Pages.BasePage.<init>(BasePage.java:11)
at Elements.NavBarElement.<init>(NavBarElement.java:11)
at Pages.BasePage.<init>(BasePage.java:11)
at Elements.NavBarElement.<init>(NavBarElement.java:11)
at Pages.BasePage.<init>(BasePage.java:11)
at Elements.NavBarElement.<init>(NavBarElement.java:11)
at Pages.BasePage.<init>(BasePage.java:11)
at Elements.NavBarElement.<init>(NavBarElement.java:11)
at Pages.BasePage.<init>(BasePage.java:11)
at Elements.NavBarElement.<init>(NavBarElement.java:11)
at Pages.BasePage.<init>(BasePage.java:11)
at Elements.NavBarElement.<init>(NavBarElement.java:11)
at Pages.BasePage.<init>(BasePage.java:11)
at Elements.NavBarElement.<init>(NavBarElement.java:11)
at Pages.BasePage.<init>(BasePage.java:11)
at Elements.NavBarElement.<init>(NavBarElement.java:11)
at Pages.BasePage.<init>(BasePage.java:11)
at Elements.NavBarElement.<init>(NavBarElement.java:11)
at Pages.BasePage.<init>(BasePage.java:11)
at Elements.NavBarElement.<init>(NavBarElement.java:11)
at Pages.BasePage.<init>(BasePage.java:11)
at Elements.NavBarElement.<init>(NavBarElement.java:11)
at Pages.BasePage.<init>(BasePage.java:11)
at Elements.NavBarElement.<init>(NavBarElement.java:11)
at Pages.BasePage.<init>(BasePage.java:11)
at Elements.NavBarElement.<init>(NavBarElement.java:11)
at Pages.BasePage.<init>(BasePage.java:11)
at Elements.NavBarElement.<init>(NavBarElement.java:11)
at Pages.BasePage.<init>(BasePage.java:11)
at Elements.NavBarElement.<init>(NavBarElement.java:11)
at Pages.BasePage.<init>(BasePage.java:11)
at Elements.NavBarElement.<init>(NavBarElement.java:11)
at Pages.BasePage.<init>(BasePage.java:11)
at Elements.NavBarElement.<init>(NavBarElement.java:11)
at Pages.BasePage.<init>(BasePage.java:11)
at Elements.NavBarElement.<init>(NavBarElement.java:11)
at Pages.BasePage.<init>(BasePage.java:11)
at Elements.NavBarElement.<init>(NavBarElement.java:11)
at Pages.BasePage.<init>(BasePage.java:11)
at Elements.NavBarElement.<init>(NavBarElement.java:11)
at Pages.BasePage.<init>(BasePage.java:11)
at Elements.NavBarElement.<init>(NavBarElement.java:11)
at Pages.BasePage.<init>(BasePage.java:11)
at Elements.NavBarElement.<init>(NavBarElement.java:11)
at Pages.BasePage.<init>(BasePage.java:11)
at Elements.NavBarElement.<init>(NavBarElement.java:11)
at Pages.BasePage.<init>(BasePage.java:11)
at Elements.NavBarElement.<init>(NavBarElement.java:11)
at Pages.BasePage.<init>(BasePage.java:11)
at Elements.NavBarElement.<init>(NavBarElement.java:11)
at Pages.BasePage.<init>(BasePage.java:11)
at Elements.NavBarElement.<init>(NavBarElement.java:11)
at Pages.BasePage.<init>(BasePage.java:11)
at Elements.NavBarElement.<init>(NavBarElement.java:11)
at Pages.BasePage.<init>(BasePage.java:11)
at Elements.NavBarElement.<init>(NavBarElement.java:11)
at Pages.BasePage.<init>(BasePage.java:11)
at Elements.NavBarElement.<init>(NavBarElement.java:11)
at Pages.BasePage.<init>(BasePage.java:11)
at Elements.NavBarElement.<init>(NavBarElement.java:11)
at Pages.BasePage.<init>(BasePage.java:11)
at Elements.NavBarElement.<init>(NavBarElement.java:11)
at Pages.BasePage.<init>(BasePage.java:11)
at Elements.NavBarElement.<init>(NavBarElement.java:11)
at Pages.BasePage.<init>(BasePage.java:11)
at Elements.NavBarElement.<init>(NavBarElement.java:11)
at Pages.BasePage.<init>(BasePage.java:11)
at Elements.NavBarElement.<init>(NavBarElement.java:11)
at Pages.BasePage.<init>(BasePage.java:11)
at Elements.NavBarElement.<init>(NavBarElement.java:11)
at Pages.BasePage.<init>(BasePage.java:11)
at Elements.NavBarElement.<init>(NavBarElement.java:11)
at Pages.BasePage.<init>(BasePage.java:11)
at Elements.NavBarElement.<init>(NavBarElement.java:11)
at Pages.BasePage.<init>(BasePage.java:11)
at Elements.NavBarElement.<init>(NavBarElement.java:11)
at Pages.BasePage.<init>(BasePage.java:11)
at Elements.NavBarElement.<init>(NavBarElement.java:11)
at Pages.BasePage.<init>(BasePage.java:11)
at Elements.NavBarElement.<init>(NavBarElement.java:11)
at Pages.BasePage.<init>(BasePage.java:11)
at Elements.NavBarElement.<init>(NavBarElement.java:11)
at Pages.BasePage.<init>(BasePage.java:11)
at Elements.NavBarElement.<init>(NavBarElement.java:11)
at Pages.BasePage.<init>(BasePage.java:11)
at Elements.NavBarElement.<init>(NavBarElement.java:11)
at Pages.BasePage.<init>(BasePage.java:11)
at Elements.NavBarElement.<init>(NavBarElement.java:11)
at Pages.BasePage.<init>(BasePage.java:11)
at Elements.NavBarElement.<init>(NavBarElement.java:11)
at Pages.BasePage.<init>(BasePage.java:11)
at Elements.NavBarElement.<init>(NavBarElement.java:11)
at Pages.BasePage.<init>(BasePage.java:11)
at Elements.NavBarElement.<init>(NavBarElement.java:11)
at Pages.BasePage.<init>(BasePage.java:11)
at Elements.NavBarElement.<init>(NavBarElement.java:11)
at Pages.BasePage.<init>(BasePage.java:11)
at Elements.NavBarElement.<init>(NavBarElement.java:11)
at Pages.BasePage.<init>(BasePage.java:11)
at Elements.NavBarElement.<init>(NavBarElement.java:11)
at Pages.BasePage.<init>(BasePage.java:11)
at Elements.NavBarElement.<init>(NavBarElement.java:11)
at Pages.BasePage.<init>(BasePage.java:11)
at Elements.NavBarElement.<init>(NavBarElement.java:11)
at Pages.BasePage.<init>(BasePage.java:11)
at Elements.NavBarElement.<init>(NavBarElement.java:11)
at Pages.BasePage.<init>(BasePage.java:11)
at Elements.NavBarElement.<init>(NavBarElement.java:11)
at Pages.BasePage.<init>(BasePage.java:11)
at Elements.NavBarElement.<init>(NavBarElement.java:11)
at Pages.BasePage.<init>(BasePage.java:11)
at Elements.NavBarElement.<init>(NavBarElement.java:11)
at Pages.BasePage.<init>(BasePage.java:11)
at Elements.NavBarElement.<init>(NavBarElement.java:11)
at Pages.BasePage.<init>(BasePage.java:11)
at Elements.NavBarElement.<init>(NavBarElement.java:11)
at Pages.BasePage.<init>(BasePage.java:11)
at Elements.NavBarElement.<init>(NavBarElement.java:11)
at Pages.BasePage.<init>(BasePage.java:11)
at Elements.NavBarElement.<init>(NavBarElement.java:11)
at Pages.BasePage.<init>(BasePage.java:11)
at Elements.NavBarElement.<init>(NavBarElement.java:11)
at Pages.BasePage.<init>(BasePage.java:11)
at Elements.NavBarElement.<init>(NavBarElement.java:11)
at Pages.BasePage.<init>(BasePage.java:11)
at Elements.NavBarElement.<init>(NavBarElement.java:11)
at Pages.BasePage.<init>(BasePage.java:11)
at Elements.NavBarElement.<init>(NavBarElement.java:11)
at Pages.BasePage.<init>(BasePage.java:11)
at Elements.NavBarElement.<init>(NavBarElement.java:11)
at Pages.BasePage.<init>(BasePage.java:11)
at Elements.NavBarElement.<init>(NavBarElement.java:11)
at Pages.BasePage.<init>(BasePage.java:11)
at Elements.NavBarElement.<init>(NavBarElement.java:11)
at Pages.BasePage.<init>(BasePage.java:11)
at Elements.NavBarElement.<init>(NavBarElement.java:11)
at Pages.BasePage.<init>(BasePage.java:11)
at Elements.NavBarElement.<init>(NavBarElement.java:11)
at Pages.BasePage.<init>(BasePage.java:11)
at Elements.NavBarElement.<init>(NavBarElement.java:11)
at Pages.BasePage.<init>(BasePage.java:11)
at Elements.NavBarElement.<init>(NavBarElement.java:11)
at Pages.BasePage.<init>(BasePage.java:11)
at Elements.NavBarElement.<init>(NavBarElement.java:11)
at Pages.BasePage.<init>(BasePage.java:11)
at Elements.NavBarElement.<init>(NavBarElement.java:11)
at Pages.BasePage.<init>(BasePage.java:11)
at Elements.NavBarElement.<init>(NavBarElement.java:11)
at Pages.BasePage.<init>(BasePage.java:11)
at Elements.NavBarElement.<init>(NavBarElement.java:11)
at Pages.BasePage.<init>(BasePage.java:11)
at Elements.NavBarElement.<init>(NavBarElement.java:11)
at Pages.BasePage.<init>(BasePage.java:11)
at Elements.NavBarElement.<init>(NavBarElement.java:11)
at Pages.BasePage.<init>(BasePage.java:11)
at Elements.NavBarElement.<init>(NavBarElement.java:11)
at Pages.BasePage.<init>(BasePage.java:11)
at Elements.NavBarElement.<init>(NavBarElement.java:11)
at Pages.BasePage.<init>(BasePage.java:11)
at Elements.NavBarElement.<init>(NavBarElement.java:11)
at Pages.BasePage.<init>(BasePage.java:11)
at Elements.NavBarElement.<init>(NavBarElement.java:11)
at Pages.BasePage.<init>(BasePage.java:11)
at Elements.NavBarElement.<init>(NavBarElement.java:11)
at Pages.BasePage.<init>(BasePage.java:11)
at Elements.NavBarElement.<init>(NavBarElement.java:11)
at Pages.BasePage.<init>(BasePage.java:11)
at Elements.NavBarElement.<init>(NavBarElement.java:11)
at Pages.BasePage.<init>(BasePage.java:11)
at Elements.NavBarElement.<init>(NavBarElement.java:11)
at Pages.BasePage.<init>(BasePage.java:11)
at Elements.NavBarElement.<init>(NavBarElement.java:11)
at Pages.BasePage.<init>(BasePage.java:11)
at Elements.NavBarElement.<init>(NavBarElement.java:11)
at Pages.BasePage.<init>(BasePage.java:11)
at Elements.NavBarElement.<init>(NavBarElement.java:11)
at Pages.BasePage.<init>(BasePage.java:11)
at Elements.NavBarElement.<init>(NavBarElement.java:11)
at Pages.BasePage.<init>(BasePage.java:11)
at Elements.NavBarElement.<init>(NavBarElement.java:11)
at Pages.BasePage.<init>(BasePage.java:11)
at Elements.NavBarElement.<init>(NavBarElement.java:11)
at Pages.BasePage.<init>(BasePage.java:11)
at Elements.NavBarElement.<init>(NavBarElement.java:11)
at Pages.BasePage.<init>(BasePage.java:11)
at Elements.NavBarElement.<init>(NavBarElement.java:11)
at Pages.BasePage.<init>(BasePage.java:11)
at Elements.NavBarElement.<init>(NavBarElement.java:11)
at Pages.BasePage.<init>(BasePage.java:11)
at Elements.NavBarElement.<init>(NavBarElement.java:11)
at Pages.BasePage.<init>(BasePage.java:11)
at Elements.NavBarElement.<init>(NavBarElement.java:11)
at Pages.BasePage.<init>(BasePage.java:11)
at Elements.NavBarElement.<init>(NavBarElement.java:11)
at Pages.BasePage.<init>(BasePage.java:11)
at Elements.NavBarElement.<init>(NavBarElement.java:11)
at Pages.BasePage.<init>(BasePage.java:11)
at Elements.NavBarElement.<init>(NavBarElement.java:11)
at Pages.BasePage.<init>(BasePage.java:11)
at Elements.NavBarElement.<init>(NavBarElement.java:11)
at Pages.BasePage.<init>(BasePage.java:11)
at Elements.NavBarElement.<init>(NavBarElement.java:11)
at Pages.BasePage.<init>(BasePage.java:11)
at Elements.NavBarElement.<init>(NavBarElement.java:11)
at Pages.BasePage.<init>(BasePage.java:11)
at Elements.NavBarElement.<init>(NavBarElement.java:11)
at Pages.BasePage.<init>(BasePage.java:11)
at Elements.NavBarElement.<init>(NavBarElement.java:11)
at Pages.BasePage.<init>(BasePage.java:11)
at Elements.NavBarElement.<init>(NavBarElement.java:11)
at Pages.BasePage.<init>(BasePage.java:11)
at Elements.NavBarElement.<init>(NavBarElement.java:11)
at Pages.BasePage.<init>(BasePage.java:11)
at Elements.NavBarElement.<init>(NavBarElement.java:11)
at Pages.BasePage.<init>(BasePage.java:11)
at Elements.NavBarElement.<init>(NavBarElement.java:11)
at Pages.BasePage.<init>(BasePage.java:11)
at Elements.NavBarElement.<init>(NavBarElement.java:11)
at Pages.BasePage.<init>(BasePage.java:11)
at Elements.NavBarElement.<init>(NavBarElement.java:11)
at Pages.BasePage.<init>(BasePage.java:11)
at Elements.NavBarElement.<init>(NavBarElement.java:11)
at Pages.BasePage.<init>(BasePage.java:11)
at Elements.NavBarElement.<init>(NavBarElement.java:11)
at Pages.BasePage.<init>(BasePage.java:11)
at Elements.NavBarElement.<init>(NavBarElement.java:11)
at Pages.BasePage.<init>(BasePage.java:11)
at Elements.NavBarElement.<init>(NavBarElement.java:11)
at Pages.BasePage.<init>(BasePage.java:11)
at Elements.NavBarElement.<init>(NavBarElement.java:11)
at Pages.BasePage.<init>(BasePage.java:11)
at Elements.NavBarElement.<init>(NavBarElement.java:11)
at Pages.BasePage.<init>(BasePage.java:11)
at Elements.NavBarElement.<init>(NavBarElement.java:11)
at Pages.BasePage.<init>(BasePage.java:11)
at Elements.NavBarElement.<init>(NavBarElement.java:11)
at Pages.BasePage.<init>(BasePage.java:11)
at Elements.NavBarElement.<init>(NavBarElement.java:11)
at Pages.BasePage.<init>(BasePage.java:11)
at Elements.NavBarElement.<init>(NavBarElement.java:11)
at Pages.BasePage.<init>(BasePage.java:11)
at Elements.NavBarElement.<init>(NavBarElement.java:11)
at Pages.BasePage.<init>(BasePage.java:11)
at Elements.NavBarElement.<init>(NavBarElement.java:11)
at Pages.BasePage.<init>(BasePage.java:11)
at Elements.NavBarElement.<init>(NavBarElement.java:11)
at Pages.BasePage.<init>(BasePage.java:11)
at Elements.NavBarElement.<init>(NavBarElement.java:11)
at Pages.BasePage.<init>(BasePage.java:11)
at Elements.NavBarElement.<init>(NavBarElement.java:11)
at Pages.BasePage.<init>(BasePage.java:11)
at Elements.NavBarElement.<init>(NavBarElement.java:11)
at Pages.BasePage.<init>(BasePage.java:11)
at Elements.NavBarElement.<init>(NavBarElement.java:11)
at Pages.BasePage.<init>(BasePage.java:11)
at Elements.NavBarElement.<init>(NavBarElement.java:11)
at Pages.BasePage.<init>(BasePage.java:11)
at Elements.NavBarElement.<init>(NavBarElement.java:11)
at Pages.BasePage.<init>(BasePage.java:11)
at Elements.NavBarElement.<init>(NavBarElement.java:11)
at Pages.BasePage.<init>(BasePage.java:11)
at Elements.NavBarElement.<init>(NavBarElement.java:11)
at Pages.BasePage.<init>(BasePage.java:11)
at Elements.NavBarElement.<init>(NavBarElement.java:11)
at Pages.BasePage.<init>(BasePage.java:11)
at Elements.NavBarElement.<init>(NavBarElement.java:11)
at Pages.BasePage.<init>(BasePage.java:11)
at Elements.NavBarElement.<init>(NavBarElement.java:11)
at Pages.BasePage.<init>(BasePage.java:11)
at Elements.NavBarElement.<init>(NavBarElement.java:11)
at Pages.BasePage.<init>(BasePage.java:11)
at Elements.NavBarElement.<init>(NavBarElement.java:11)
at Pages.BasePage.<init>(BasePage.java:11)
at Elements.NavBarElement.<init>(NavBarElement.java:11)
at Pages.BasePage.<init>(BasePage.java:11)
at Elements.NavBarElement.<init>(NavBarElement.java:11)
at Pages.BasePage.<init>(BasePage.java:11)
at Elements.NavBarElement.<init>(NavBarElement.java:11)
at Pages.BasePage.<init>(BasePage.java:11)
at Elements.NavBarElement.<init>(NavBarElement.java:11)
at Pages.BasePage.<init>(BasePage.java:11)
at Elements.NavBarElement.<init>(NavBarElement.java:11)
at Pages.BasePage.<init>(BasePage.java:11)
at Elements.NavBarElement.<init>(NavBarElement.java:11)
at Pages.BasePage.<init>(BasePage.java:11)
at Elements.NavBarElement.<init>(NavBarElement.java:11)
at Pages.BasePage.<init>(BasePage.java:11)
at Elements.NavBarElement.<init>(NavBarElement.java:11)
at Pages.BasePage.<init>(BasePage.java:11)
at Elements.NavBarElement.<init>(NavBarElement.java:11)
at Pages.BasePage.<init>(BasePage.java:11)
at Elements.NavBarElement.<init>(NavBarElement.java:11)
at Pages.BasePage.<init>(BasePage.java:11)
at Elements.NavBarElement.<init>(NavBarElement.java:11)
at Pages.BasePage.<init>(BasePage.java:11)
at Elements.NavBarElement.<init>(NavBarElement.java:11)
at Pages.BasePage.<init>(BasePage.java:11)
at Elements.NavBarElement.<init>(NavBarElement.java:11)
at Pages.BasePage.<init>(BasePage.java:11)
at Elements.NavBarElement.<init>(NavBarElement.java:11)
at Pages.BasePage.<init>(BasePage.java:11)
at Elements.NavBarElement.<init>(NavBarElement.java:11)
at Pages.BasePage.<init>(BasePage.java:11)
at Elements.NavBarElement.<init>(NavBarElement.java:11)
at Pages.BasePage.<init>(BasePage.java:11)
at Elements.NavBarElement.<init>(NavBarElement.java:11)
at Pages.BasePage.<init>(BasePage.java:11)
at Elements.NavBarElement.<init>(NavBarElement.java:11)
at Pages.BasePage.<init>(BasePage.java:11)
at Elements.NavBarElement.<init>(NavBarElement.java:11)
at Pages.BasePage.<init>(BasePage.java:11)
at Elements.NavBarElement.<init>(NavBarElement.java:11)
at Pages.BasePage.<init>(BasePage.java:11)
at Elements.NavBarElement.<init>(NavBarElement.java:11)
at Pages.BasePage.<init>(BasePage.java:11)
at Elements.NavBarElement.<init>(NavBarElement.java:11)
at Pages.BasePage.<init>(BasePage.java:11)
at Elements.NavBarElement.<init>(NavBarElement.java:11)
at Pages.BasePage.<init>(BasePage.java:11)
at Elements.NavBarElement.<init>(NavBarElement.java:11)
at Pages.BasePage.<init>(BasePage.java:11)
at Elements.NavBarElement.<init>(NavBarElement.java:11)
at Pages.BasePage.<init>(BasePage.java:11)
at Elements.NavBarElement.<init>(NavBarElement.java:11)
at Pages.BasePage.<init>(BasePage.java:11)
at Elements.NavBarElement.<init>(NavBarElement.java:11)
at Pages.BasePage.<init>(BasePage.java:11)
at Elements.NavBarElement.<init>(NavBarElement.java:11)
at Pages.BasePage.<init>(BasePage.java:11)
at Elements.NavBarElement.<init>(NavBarElement.java:11)
at Pages.BasePage.<init>(BasePage.java:11)
at Elements.NavBarElement.<init>(NavBarElement.java:11)
at Pages.BasePage.<init>(BasePage.java:11)
at Elements.NavBarElement.<init>(NavBarElement.java:11)
at Pages.BasePage.<init>(BasePage.java:11)
at Elements.NavBarElement.<init>(NavBarElement.java:11)
at Pages.BasePage.<init>(BasePage.java:11)
at Elements.NavBarElement.<init>(NavBarElement.java:11)
at Pages.BasePage.<init>(BasePage.java:11)
at Elements.NavBarElement.<init>(NavBarElement.java:11)
at Pages.BasePage.<init>(BasePage.java:11)
at Elements.NavBarElement.<init>(NavBarElement.java:11)
at Pages.BasePage.<init>(BasePage.java:11)
at Elements.NavBarElement.<init>(NavBarElement.java:11)
at Pages.BasePage.<init>(BasePage.java:11)
at Elements.NavBarElement.<init>(NavBarElement.java:11)
at Pages.BasePage.<init>(BasePage.java:11)
at Elements.NavBarElement.<init>(NavBarElement.java:11)
at Pages.BasePage.<init>(BasePage.java:11)
at Elements.NavBarElement.<init>(NavBarElement.java:11)
at Pages.BasePage.<init>(BasePage.java:11)
at Elements.NavBarElement.<init>(NavBarElement.java:11)
at Pages.BasePage.<init>(BasePage.java:11)
at Elements.NavBarElement.<init>(NavBarElement.java:11)
at Pages.BasePage.<init>(BasePage.java:11)
at Elements.NavBarElement.<init>(NavBarElement.java:11)
at Pages.BasePage.<init>(BasePage.java:11)
at Elements.NavBarElement.<init>(NavBarElement.java:11)
at Pages.BasePage.<init>(BasePage.java:11)
at Elements.NavBarElement.<init>(NavBarElement.java:11)
at Pages.BasePage.<init>(BasePage.java:11)
at Elements.NavBarElement.<init>(NavBarElement.java:11)
at Pages.BasePage.<init>(BasePage.java:11)
at Elements.NavBarElement.<init>(NavBarElement.java:11)
at Pages.BasePage.<init>(BasePage.java:11)
at Elements.NavBarElement.<init>(NavBarElement.java:11)
at Pages.BasePage.<init>(BasePage.java:11)
at Elements.NavBarElement.<init>(NavBarElement.java:11)
at Pages.BasePage.<init>(BasePage.java:11)
at Elements.NavBarElement.<init>(NavBarElement.java:11)
at Pages.BasePage.<init>(BasePage.java:11)
at Elements.NavBarElement.<init>(NavBarElement.java:11)
at Pages.BasePage.<init>(BasePage.java:11)
at Elements.NavBarElement.<init>(NavBarElement.java:11)
at Pages.BasePage.<init>(BasePage.java:11)
at Elements.NavBarElement.<init>(NavBarElement.java:11)
at Pages.BasePage.<init>(BasePage.java:11)
at Elements.NavBarElement.<init>(NavBarElement.java:11)
at Pages.BasePage.<init>(BasePage.java:11)
at Elements.NavBarElement.<init>(NavBarElement.java:11)
at Pages.BasePage.<init>(BasePage.java:11)
at Elements.NavBarElement.<init>(NavBarElement.java:11)
at Pages.BasePage.<init>(BasePage.java:11)
at Elements.NavBarElement.<init>(NavBarElement.java:11)
at Pages.BasePage.<init>(BasePage.java:11)
at Elements.NavBarElement.<init>(NavBarElement.java:11)
at Pages.BasePage.<init>(BasePage.java:11)
at Elements.NavBarElement.<init>(NavBarElement.java:11)
at Pages.BasePage.<init>(BasePage.java:11)
at Elements.NavBarElement.<init>(NavBarElement.java:11)
at Pages.BasePage.<init>(BasePage.java:11)
at Elements.NavBarElement.<init>(NavBarElement.java:11)
at Pages.BasePage.<init>(BasePage.java:11)
at Elements.NavBarElement.<init>(NavBarElement.java:11)
at Pages.BasePage.<init>(BasePage.java:11)
at Elements.NavBarElement.<init>(NavBarElement.java:11)
at Pages.BasePage.<init>(BasePage.java:11)
at Elements.NavBarElement.<init>(NavBarElement.java:11)
at Pages.BasePage.<init>(BasePage.java:11)
at Elements.NavBarElement.<init>(NavBarElement.java:11)
at Pages.BasePage.<init>(BasePage.java:11)
at Elements.NavBarElement.<init>(NavBarElement.java:11)
at Pages.BasePage.<init>(BasePage.java:11)
at Elements.NavBarElement.<init>(NavBarElement.java:11)
at Pages.BasePage.<init>(BasePage.java:11)
at Elements.NavBarElement.<init>(NavBarElement.java:11)
at Pages.BasePage.<init>(BasePage.java:11)
at Elements.NavBarElement.<init>(NavBarElement.java:11)
at Pages.BasePage.<init>(BasePage.java:11)
at Elements.NavBarElement.<init>(NavBarElement.java:11)
at Pages.BasePage.<init>(BasePage.java:11)
at Elements.NavBarElement.<init>(NavBarElement.java:11)
at Pages.BasePage.<init>(BasePage.java:11)
at Elements.NavBarElement.<init>(NavBarElement.java:11)
at Pages.BasePage.<init>(BasePage.java:11)
at Elements.NavBarElement.<init>(NavBarElement.java:11)
at Pages.BasePage.<init>(BasePage.java:11)
at Elements.NavBarElement.<init>(NavBarElement.java:11)
at Pages.BasePage.<init>(BasePage.java:11)
at Elements.NavBarElement.<init>(NavBarElement.java:11)
at Pages.BasePage.<init>(BasePage.java:11)
at Elements.NavBarElement.<init>(NavBarElement.java:11)
at Pages.BasePage.<init>(BasePage.java:11)
at Elements.NavBarElement.<init>(NavBarElement.java:11)
at Pages.BasePage.<init>(BasePage.java:11)
at Elements.NavBarElement.<init>(NavBarElement.java:11)
at Pages.BasePage.<init>(BasePage.java:11)
at Elements.NavBarElement.<init>(NavBarElement.java:11)
at Pages.BasePage.<init>(BasePage.java:11)
at Elements.NavBarElement.<init>(NavBarElement.java:11)
at Pages.BasePage.<init>(BasePage.java:11)
at Elements.NavBarElement.<init>(NavBarElement.java:11)
at Pages.BasePage.<init>(BasePage.java:11)
at Elements.NavBarElement.<init>(NavBarElement.java:11)
at Pages.BasePage.<init>(BasePage.java:11)
at Elements.NavBarElement.<init>(NavBarElement.java:11)
at Pages.BasePage.<init>(BasePage.java:11)
at Elements.NavBarElement.<init>(NavBarElement.java:11)
at Pages.BasePage.<init>(BasePage.java:11)
at Elements.NavBarElement.<init>(NavBarElement.java:11)
at Pages.BasePage.<init>(BasePage.java:11)
at Elements.NavBarElement.<init>(NavBarElement.java:11)
at Pages.BasePage.<init>(BasePage.java:11)
at Elements.NavBarElement.<init>(NavBarElement.java:11)
at Pages.BasePage.<init>(BasePage.java:11)
at Elements.NavBarElement.<init>(NavBarElement.java:11)
at Pages.BasePage.<init>(BasePage.java:11)
at Elements.NavBarElement.<init>(NavBarElement.java:11)
at Pages.BasePage.<init>(BasePage.java:11)
at Elements.NavBarElement.<init>(NavBarElement.java:11)
at Pages.BasePage.<init>(BasePage.java:11)
at Elements.NavBarElement.<init>(NavBarElement.java:11)
at Pages.BasePage.<init>(BasePage.java:11)
at Elements.NavBarElement.<init>(NavBarElement.java:11)
at Pages.BasePage.<init>(BasePage.java:11)
at Elements.NavBarElement.<init>(NavBarElement.java:11)
at Pages.BasePage.<init>(BasePage.java:11)
at Elements.NavBarElement.<init>(NavBarElement.java:11)
at Pages.BasePage.<init>(BasePage.java:11)
at Elements.NavBarElement.<init>(NavBarElement.java:11)
at Pages.BasePage.<init>(BasePage.java:11)
at Elements.NavBarElement.<init>(NavBarElement.java:11)
at Pages.BasePage.<init>(BasePage.java:11)
at Elements.NavBarElement.<init>(NavBarElement.java:11)
at Pages.BasePage.<init>(BasePage.java:11)
at Elements.NavBarElement.<init>(NavBarElement.java:11)
at Pages.BasePage.<init>(BasePage.java:11)
at Elements.NavBarElement.<init>(NavBarElement.java:11)
at Pages.BasePage.<init>(BasePage.java:11)
at Elements.NavBarElement.<init>(NavBarElement.java:11)
at Pages.BasePage.<init>(BasePage.java:11)
at Elements.NavBarElement.<init>(NavBarElement.java:11)
at Pages.BasePage.<init>(BasePage.java:11)
at Elements.NavBarElement.<init>(NavBarElement.java:11)
at Pages.BasePage.<init>(BasePage.java:11)
at Elements.NavBarElement.<init>(NavBarElement.java:11)
at Pages.BasePage.<init>(BasePage.java:11)
at Elements.NavBarElement.<init>(NavBarElement.java:11)
at Pages.BasePage.<init>(BasePage.java:11)
at Elements.NavBarElement.<init>(NavBarElement.java:11)
at Pages.BasePage.<init>(BasePage.java:11)
at Elements.NavBarElement.<init>(NavBarElement.java:11)
at Pages.BasePage.<init>(BasePage.java:11)
at Elements.NavBarElement.<init>(NavBarElement.java:11)
at Pages.BasePage.<init>(BasePage.java:11)
at Elements.NavBarElement.<init>(NavBarElement.java:11)
at Pages.BasePage.<init>(BasePage.java:11)
at Elements.NavBarElement.<init>(NavBarElement.java:11)
at Pages.BasePage.<init>(BasePage.java:11)
at Elements.NavBarElement.<init>(NavBarElement.java:11)
at Pages.BasePage.<init>(BasePage.java:11)
at Elements.NavBarElement.<init>(NavBarElement.java:11)
at Pages.BasePage.<init>(BasePage.java:11)
at Elements.NavBarElement.<init>(NavBarElement.java:11)
at Pages.BasePage.<init>(BasePage.java:11)
at Elements.NavBarElement.<init>(NavBarElement.java:11)
at Pages.BasePage.<init>(BasePage.java:11)
at Elements.NavBarElement.<init>(NavBarElement.java:11)
at Pages.BasePage.<init>(BasePage.java:11)
at Elements.NavBarElement.<init>(NavBarElement.java:11)
at Pages.BasePage.<init>(BasePage.java:11)
at Elements.NavBarElement.<init>(NavBarElement.java:11)
at Pages.BasePage.<init>(BasePage.java:11)
at Elements.NavBarElement.<init>(NavBarElement.java:11)
at Pages.BasePage.<init>(BasePage.java:11)
at Elements.NavBarElement.<init>(NavBarElement.java:11)
at Pages.BasePage.<init>(BasePage.java:11)
at Elements.NavBarElement.<init>(NavBarElement.java:11)
at Pages.BasePage.<init>(BasePage.java:11)
at Elements.NavBarElement.<init>(NavBarElement.java:11)
at Pages.BasePage.<init>(BasePage.java:11)
at Elements.NavBarElement.<init>(NavBarElement.java:11)
at Pages.BasePage.<init>(BasePage.java:11)
at Elements.NavBarElement.<init>(NavBarElement.java:11)
at Pages.BasePage.<init>(BasePage.java:11)
at Elements.NavBarElement.<init>(NavBarElement.java:11)
at Pages.BasePage.<init>(BasePage.java:11)
at Elements.NavBarElement.<init>(NavBarElement.java:11)
at Pages.BasePage.<init>(BasePage.java:11)
at Elements.NavBarElement.<init>(NavBarElement.java:11)
at Pages.BasePage.<init>(BasePage.java:11)
at Elements.NavBarElement.<init>(NavBarElement.java:11)
at Pages.BasePage.<init>(BasePage.java:11)
at Elements.NavBarElement.<init>(NavBarElement.java:11)
at Pages.BasePage.<init>(BasePage.java:11)
at Elements.NavBarElement.<init>(NavBarElement.java:11)
at Pages.BasePage.<init>(BasePage.java:11)
at Elements.NavBarElement.<init>(NavBarElement.java:11)
at Pages.BasePage.<init>(BasePage.java:11)
at Elements.NavBarElement.<init>(NavBarElement.java:11)
at Pages.BasePage.<init>(BasePage.java:11)
at Elements.NavBarElement.<init>(NavBarElement.java:11)
at Pages.BasePage.<init>(BasePage.java:11)
at Elements.NavBarElement.<init>(NavBarElement.java:11)
at Pages.BasePage.<init>(BasePage.java:11)
at Elements.NavBarElement.<init>(NavBarElement.java:11)
at Pages.BasePage.<init>(BasePage.java:11)
at Elements.NavBarElement.<init>(NavBarElement.java:11)
at Pages.BasePage.<init>(BasePage.java:11)
at Elements.NavBarElement.<init>(NavBarElement.java:11)
at Pages.BasePage.<init>(BasePage.java:11)
at Elements.NavBarElement.<init>(NavBarElement.java:11)
at Pages.BasePage.<init>(BasePage.java:11)
at Elements.NavBarElement.<init>(NavBarElement.java:11)
at Pages.BasePage.<init>(BasePage.java:11)
at Elements.NavBarElement.<init>(NavBarElement.java:11)
at Pages.BasePage.<init>(BasePage.java:11)
at Elements.NavBarElement.<init>(NavBarElement.java:11)
at Pages.BasePage.<init>(BasePage.java:11)
at Elements.NavBarElement.<init>(NavBarElement.java:11)
at Pages.BasePage.<init>(BasePage.java:11)
at Elements.NavBarElement.<init>(NavBarElement.java:11)
at Pages.BasePage.<init>(BasePage.java:11)
at Elements.NavBarElement.<init>(NavBarElement.java:11)
at Pages.BasePage.<init>(BasePage.java:11)
at Elements.NavBarElement.<init>(NavBarElement.java:11)
at Pages.BasePage.<init>(BasePage.java:11)
at Elements.NavBarElement.<init>(NavBarElement.java:11)
at Pages.BasePage.<init>(BasePage.java:11)
at Elements.NavBarElement.<init>(NavBarElement.java:11)
at Pages.BasePage.<init>(BasePage.java:11)
at Elements.NavBarElement.<init>(NavBarElement.java:11)
at Pages.BasePage.<init>(BasePage.java:11)
at Elements.NavBarElement.<init>(NavBarElement.java:11)
at Pages.BasePage.<init>(BasePage.java:11)
at Elements.NavBarElement.<init>(NavBarElement.java:11)
at Pages.BasePage.<init>(BasePage.java:11)
at Elements.NavBarElement.<init>(NavBarElement.java:11)
at Pages.BasePage.<init>(BasePage.java:11)
at Elements.NavBarElement.<init>(NavBarElement.java:11)
at Pages.BasePage.<init>(BasePage.java:11)
at Elements.NavBarElement.<init>(NavBarElement.java:11)
at Pages.BasePage.<init>(BasePage.java:11)
at Elements.NavBarElement.<init>(NavBarElement.java:11)
at Pages.BasePage.<init>(BasePage.java:11)
at Elements.NavBarElement.<init>(NavBarElement.java:11)
at Pages.BasePage.<init>(BasePage.java:11)
]]>
            </full-stacktrace>
          </exception> <!-- java.lang.StackOverflowError -->
          <reporter-output>
          </reporter-output>
        </test-method> <!-- AddToShoppingCart2 -->
        <test-method is-config="true" signature="tearDown()[pri:0, instance:UITests.Tests@6bd61f98]" started-at="2023-08-29T12:42:37 COT" name="tearDown" finished-at="2023-08-29T12:42:38 COT" duration-ms="198" status="PASS">
          <reporter-output>
          </reporter-output>
        </test-method> <!-- tearDown -->
      </class> <!-- UITests.Tests -->
    </test> <!-- Demo -->
  </suite> <!-- Regression -->
</testng-results>
