-------------------------------------------------------------------------------
Test set: TestSuite
-------------------------------------------------------------------------------
Tests run: 1, Failures: 1, Errors: 0, Skipped: 0, Time elapsed: 4.672 s <<< FAILURE! -- in TestSuite
UITests.Tests.AddToShoppingCart2 -- Time elapsed: 0.020 s <<< FAILURE!
java.lang.StackOverflowError
	at Elements.NavBarElement.<init>(NavBarElement.java:11)
	at Pages.BasePage.<init>(BasePage.java:11)
	at Elements.NavBarElement.<init>(NavBarElement.java:11)
	at Pages.BasePage.<init>(BasePage.java:11)
	at Elements.NavBarElement.<init>(NavBarElement.java:11)
	at Pages.BasePage.<init>(BasePage.java:11)
	at Elements.NavBarElement.<init>(NavBarElement.java:11)
	at Pages.BasePage.<init>(BasePage.java:11)
	at Elements.NavBarElement.<init>(NavBarElement.java:11)
	at Pages.BasePage.<init>(BasePage.java:11)
	at Elements.NavBarElement.<init>(NavBarElement.java:11)
	at Pages.BasePage.<init>(BasePage.java:11)
	at Elements.NavBarElement.<init>(NavBarElement.java:11)
	at Pages.BasePage.<init>(BasePage.java:11)
	at Elements.NavBarElement.<init>(NavBarElement.java:11)
	at Pages.BasePage.<init>(BasePage.java:11)
	at Elements.NavBarElement.<init>(NavBarElement.java:11)
	at Pages.BasePage.<init>(BasePage.java:11)
	at Elements.NavBarElement.<init>(NavBarElement.java:11)
	at Pages.BasePage.<init>(BasePage.java:11)
	at Elements.NavBarElement.<init>(NavBarElement.java:11)
	at Pages.BasePage.<init>(BasePage.java:11)
	at Elements.NavBarElement.<init>(NavBarElement.java:11)
	at Pages.BasePage.<init>(BasePage.java:11)
	at Elements.NavBarElement.<init>(NavBarElement.java:11)
	at Pages.BasePage.<init>(BasePage.java:11)
	at Elements.NavBarElement.<init>(NavBarElement.java:11)
	at Pages.BasePage.<init>(BasePage.java:11)
	at Elements.NavBarElement.<init>(NavBarElement.java:11)
	at Pages.BasePage.<init>(BasePage.java:11)
	at Elements.NavBarElement.<init>(NavBarElement.java:11)
	at Pages.BasePage.<init>(BasePage.java:11)
	at Elements.NavBarElement.<init>(NavBarElement.java:11)
	at Pages.BasePage.<init>(BasePage.java:11)
	at Elements.NavBarElement.<init>(NavBarElement.java:11)
	at Pages.BasePage.<init>(BasePage.java:11)
	at Elements.NavBarElement.<init>(NavBarElement.java:11)
	at Pages.BasePage.<init>(BasePage.java:11)
	at Elements.NavBarElement.<init>(NavBarElement.java:11)
	at Pages.BasePage.<init>(BasePage.java:11)
	at Elements.NavBarElement.<init>(NavBarElement.java:11)
	at Pages.BasePage.<init>(BasePage.java:11)
	at Elements.NavBarElement.<init>(NavBarElement.java:11)
	at Pages.BasePage.<init>(BasePage.java:11)
	at Elements.NavBarElement.<init>(NavBarElement.java:11)
	at Pages.BasePage.<init>(BasePage.java:11)
	at Elements.NavBarElement.<init>(NavBarElement.java:11)
	at Pages.BasePage.<init>(BasePage.java:11)
	at Elements.NavBarElement.<init>(NavBarElement.java:11)
	at Pages.BasePage.<init>(BasePage.java:11)
	at Elements.NavBarElement.<init>(NavBarElement.java:11)
	at Pages.BasePage.<init>(BasePage.java:11)
	at Elements.NavBarElement.<init>(NavBarElement.java:11)
	at Pages.BasePage.<init>(BasePage.java:11)
	at Elements.NavBarElement.<init>(NavBarElement.java:11)
	at Pages.BasePage.<init>(BasePage.java:11)
	at Elements.NavBarElement.<init>(NavBarElement.java:11)
	at Pages.BasePage.<init>(BasePage.java:11)
	at Elements.NavBarElement.<init>(NavBarElement.java:11)
	at Pages.BasePage.<init>(BasePage.java:11)
	at Elements.NavBarElement.<init>(NavBarElement.java:11)
	at Pages.BasePage.<init>(BasePage.java:11)
	at Elements.NavBarElement.<init>(NavBarElement.java:11)
	at Pages.BasePage.<init>(BasePage.java:11)
	at Elements.NavBarElement.<init>(NavBarElement.java:11)
	at Pages.BasePage.<init>(BasePage.java:11)
	at Elements.NavBarElement.<init>(NavBarElement.java:11)
	at Pages.BasePage.<init>(BasePage.java:11)
	at Elements.NavBarElement.<init>(NavBarElement.java:11)
	at Pages.BasePage.<init>(BasePage.java:11)
	at Elements.NavBarElement.<init>(NavBarElement.java:11)
	at Pages.BasePage.<init>(BasePage.java:11)
	at Elements.NavBarElement.<init>(NavBarElement.java:11)
	at Pages.BasePage.<init>(BasePage.java:11)
	at Elements.NavBarElement.<init>(NavBarElement.java:11)
	at Pages.BasePage.<init>(BasePage.java:11)
	at Elements.NavBarElement.<init>(NavBarElement.java:11)
	at Pages.BasePage.<init>(BasePage.java:11)
	at Elements.NavBarElement.<init>(NavBarElement.java:11)
	at Pages.BasePage.<init>(BasePage.java:11)
	at Elements.NavBarElement.<init>(NavBarElement.java:11)
	at Pages.BasePage.<init>(BasePage.java:11)
	at Elements.NavBarElement.<init>(NavBarElement.java:11)
	at Pages.BasePage.<init>(BasePage.java:11)
	at Elements.NavBarElement.<init>(NavBarElement.java:11)
	at Pages.BasePage.<init>(BasePage.java:11)
	at Elements.NavBarElement.<init>(NavBarElement.java:11)
	at Pages.BasePage.<init>(BasePage.java:11)
	at Elements.NavBarElement.<init>(NavBarElement.java:11)
	at Pages.BasePage.<init>(BasePage.java:11)
	at Elements.NavBarElement.<init>(NavBarElement.java:11)
	at Pages.BasePage.<init>(BasePage.java:11)
	at Elements.NavBarElement.<init>(NavBarElement.java:11)
	at Pages.BasePage.<init>(BasePage.java:11)
	at Elements.NavBarElement.<init>(NavBarElement.java:11)
	at Pages.BasePage.<init>(BasePage.java:11)
	at Elements.NavBarElement.<init>(NavBarElement.java:11)
	at Pages.BasePage.<init>(BasePage.java:11)
	at Elements.NavBarElement.<init>(NavBarElement.java:11)
	at Pages.BasePage.<init>(BasePage.java:11)
	at Elements.NavBarElement.<init>(NavBarElement.java:11)
	at Pages.BasePage.<init>(BasePage.java:11)
	at Elements.NavBarElement.<init>(NavBarElement.java:11)
	at Pages.BasePage.<init>(BasePage.java:11)
	at Elements.NavBarElement.<init>(NavBarElement.java:11)
	at Pages.BasePage.<init>(BasePage.java:11)
	at Elements.NavBarElement.<init>(NavBarElement.java:11)
	at Pages.BasePage.<init>(BasePage.java:11)
	at Elements.NavBarElement.<init>(NavBarElement.java:11)
	at Pages.BasePage.<init>(BasePage.java:11)
	at Elements.NavBarElement.<init>(NavBarElement.java:11)
	at Pages.BasePage.<init>(BasePage.java:11)
	at Elements.NavBarElement.<init>(NavBarElement.java:11)
	at Pages.BasePage.<init>(BasePage.java:11)
	at Elements.NavBarElement.<init>(NavBarElement.java:11)
	at Pages.BasePage.<init>(BasePage.java:11)
	at Elements.NavBarElement.<init>(NavBarElement.java:11)
	at Pages.BasePage.<init>(BasePage.java:11)
	at Elements.NavBarElement.<init>(NavBarElement.java:11)
	at Pages.BasePage.<init>(BasePage.java:11)
	at Elements.NavBarElement.<init>(NavBarElement.java:11)
	at Pages.BasePage.<init>(BasePage.java:11)
	at Elements.NavBarElement.<init>(NavBarElement.java:11)
	at Pages.BasePage.<init>(BasePage.java:11)
	at Elements.NavBarElement.<init>(NavBarElement.java:11)
	at Pages.BasePage.<init>(BasePage.java:11)
	at Elements.NavBarElement.<init>(NavBarElement.java:11)
	at Pages.BasePage.<init>(BasePage.java:11)
	at Elements.NavBarElement.<init>(NavBarElement.java:11)
	at Pages.BasePage.<init>(BasePage.java:11)
	at Elements.NavBarElement.<init>(NavBarElement.java:11)
	at Pages.BasePage.<init>(BasePage.java:11)
	at Elements.NavBarElement.<init>(NavBarElement.java:11)
	at Pages.BasePage.<init>(BasePage.java:11)
	at Elements.NavBarElement.<init>(NavBarElement.java:11)
	at Pages.BasePage.<init>(BasePage.java:11)
	at Elements.NavBarElement.<init>(NavBarElement.java:11)
	at Pages.BasePage.<init>(BasePage.java:11)
	at Elements.NavBarElement.<init>(NavBarElement.java:11)
	at Pages.BasePage.<init>(BasePage.java:11)
	at Elements.NavBarElement.<init>(NavBarElement.java:11)
	at Pages.BasePage.<init>(BasePage.java:11)
	at Elements.NavBarElement.<init>(NavBarElement.java:11)
	at Pages.BasePage.<init>(BasePage.java:11)
	at Elements.NavBarElement.<init>(NavBarElement.java:11)
	at Pages.BasePage.<init>(BasePage.java:11)
	at Elements.NavBarElement.<init>(NavBarElement.java:11)
	at Pages.BasePage.<init>(BasePage.java:11)
	at Elements.NavBarElement.<init>(NavBarElement.java:11)
	at Pages.BasePage.<init>(BasePage.java:11)
	at Elements.NavBarElement.<init>(NavBarElement.java:11)
	at Pages.BasePage.<init>(BasePage.java:11)
	at Elements.NavBarElement.<init>(NavBarElement.java:11)
	at Pages.BasePage.<init>(BasePage.java:11)
	at Elements.NavBarElement.<init>(NavBarElement.java:11)
	at Pages.BasePage.<init>(BasePage.java:11)
	at Elements.NavBarElement.<init>(NavBarElement.java:11)
	at Pages.BasePage.<init>(BasePage.java:11)
	at Elements.NavBarElement.<init>(NavBarElement.java:11)
	at Pages.BasePage.<init>(BasePage.java:11)
	at Elements.NavBarElement.<init>(NavBarElement.java:11)
	at Pages.BasePage.<init>(BasePage.java:11)
	at Elements.NavBarElement.<init>(NavBarElement.java:11)
	at Pages.BasePage.<init>(BasePage.java:11)
	at Elements.NavBarElement.<init>(NavBarElement.java:11)
	at Pages.BasePage.<init>(BasePage.java:11)
	at Elements.NavBarElement.<init>(NavBarElement.java:11)
	at Pages.BasePage.<init>(BasePage.java:11)
	at Elements.NavBarElement.<init>(NavBarElement.java:11)
	at Pages.BasePage.<init>(BasePage.java:11)
	at Elements.NavBarElement.<init>(NavBarElement.java:11)
	at Pages.BasePage.<init>(BasePage.java:11)
	at Elements.NavBarElement.<init>(NavBarElement.java:11)
	at Pages.BasePage.<init>(BasePage.java:11)
	at Elements.NavBarElement.<init>(NavBarElement.java:11)
	at Pages.BasePage.<init>(BasePage.java:11)
	at Elements.NavBarElement.<init>(NavBarElement.java:11)
	at Pages.BasePage.<init>(BasePage.java:11)
	at Elements.NavBarElement.<init>(NavBarElement.java:11)
	at Pages.BasePage.<init>(BasePage.java:11)
	at Elements.NavBarElement.<init>(NavBarElement.java:11)
	at Pages.BasePage.<init>(BasePage.java:11)
	at Elements.NavBarElement.<init>(NavBarElement.java:11)
	at Pages.BasePage.<init>(BasePage.java:11)
	at Elements.NavBarElement.<init>(NavBarElement.java:11)
	at Pages.BasePage.<init>(BasePage.java:11)
	at Elements.NavBarElement.<init>(NavBarElement.java:11)
	at Pages.BasePage.<init>(BasePage.java:11)
	at Elements.NavBarElement.<init>(NavBarElement.java:11)
	at Pages.BasePage.<init>(BasePage.java:11)
	at Elements.NavBarElement.<init>(NavBarElement.java:11)
	at Pages.BasePage.<init>(BasePage.java:11)
	at Elements.NavBarElement.<init>(NavBarElement.java:11)
	at Pages.BasePage.<init>(BasePage.java:11)
	at Elements.NavBarElement.<init>(NavBarElement.java:11)
	at Pages.BasePage.<init>(BasePage.java:11)
	at Elements.NavBarElement.<init>(NavBarElement.java:11)
	at Pages.BasePage.<init>(BasePage.java:11)
	at Elements.NavBarElement.<init>(NavBarElement.java:11)
	at Pages.BasePage.<init>(BasePage.java:11)
	at Elements.NavBarElement.<init>(NavBarElement.java:11)
	at Pages.BasePage.<init>(BasePage.java:11)
	at Elements.NavBarElement.<init>(NavBarElement.java:11)
	at Pages.BasePage.<init>(BasePage.java:11)
	at Elements.NavBarElement.<init>(NavBarElement.java:11)
	at Pages.BasePage.<init>(BasePage.java:11)
	at Elements.NavBarElement.<init>(NavBarElement.java:11)
	at Pages.BasePage.<init>(BasePage.java:11)
	at Elements.NavBarElement.<init>(NavBarElement.java:11)
	at Pages.BasePage.<init>(BasePage.java:11)
	at Elements.NavBarElement.<init>(NavBarElement.java:11)
	at Pages.BasePage.<init>(BasePage.java:11)
	at Elements.NavBarElement.<init>(NavBarElement.java:11)
	at Pages.BasePage.<init>(BasePage.java:11)
	at Elements.NavBarElement.<init>(NavBarElement.java:11)
	at Pages.BasePage.<init>(BasePage.java:11)
	at Elements.NavBarElement.<init>(NavBarElement.java:11)
	at Pages.BasePage.<init>(BasePage.java:11)
	at Elements.NavBarElement.<init>(NavBarElement.java:11)
	at Pages.BasePage.<init>(BasePage.java:11)
	at Elements.NavBarElement.<init>(NavBarElement.java:11)
	at Pages.BasePage.<init>(BasePage.java:11)
	at Elements.NavBarElement.<init>(NavBarElement.java:11)
	at Pages.BasePage.<init>(BasePage.java:11)
	at Elements.NavBarElement.<init>(NavBarElement.java:11)
	at Pages.BasePage.<init>(BasePage.java:11)
	at Elements.NavBarElement.<init>(NavBarElement.java:11)
	at Pages.BasePage.<init>(BasePage.java:11)
	at Elements.NavBarElement.<init>(NavBarElement.java:11)
	at Pages.BasePage.<init>(BasePage.java:11)
	at Elements.NavBarElement.<init>(NavBarElement.java:11)
	at Pages.BasePage.<init>(BasePage.java:11)
	at Elements.NavBarElement.<init>(NavBarElement.java:11)
	at Pages.BasePage.<init>(BasePage.java:11)
	at Elements.NavBarElement.<init>(NavBarElement.java:11)
	at Pages.BasePage.<init>(BasePage.java:11)
	at Elements.NavBarElement.<init>(NavBarElement.java:11)
	at Pages.BasePage.<init>(BasePage.java:11)
	at Elements.NavBarElement.<init>(NavBarElement.java:11)
	at Pages.BasePage.<init>(BasePage.java:11)
	at Elements.NavBarElement.<init>(NavBarElement.java:11)
	at Pages.BasePage.<init>(BasePage.java:11)
	at Elements.NavBarElement.<init>(NavBarElement.java:11)
	at Pages.BasePage.<init>(BasePage.java:11)
	at Elements.NavBarElement.<init>(NavBarElement.java:11)
	at Pages.BasePage.<init>(BasePage.java:11)
	at Elements.NavBarElement.<init>(NavBarElement.java:11)
	at Pages.BasePage.<init>(BasePage.java:11)
	at Elements.NavBarElement.<init>(NavBarElement.java:11)
	at Pages.BasePage.<init>(BasePage.java:11)
	at Elements.NavBarElement.<init>(NavBarElement.java:11)
	at Pages.BasePage.<init>(BasePage.java:11)
	at Elements.NavBarElement.<init>(NavBarElement.java:11)
	at Pages.BasePage.<init>(BasePage.java:11)
	at Elements.NavBarElement.<init>(NavBarElement.java:11)
	at Pages.BasePage.<init>(BasePage.java:11)
	at Elements.NavBarElement.<init>(NavBarElement.java:11)
	at Pages.BasePage.<init>(BasePage.java:11)
	at Elements.NavBarElement.<init>(NavBarElement.java:11)
	at Pages.BasePage.<init>(BasePage.java:11)
	at Elements.NavBarElement.<init>(NavBarElement.java:11)
	at Pages.BasePage.<init>(BasePage.java:11)
	at Elements.NavBarElement.<init>(NavBarElement.java:11)
	at Pages.BasePage.<init>(BasePage.java:11)
	at Elements.NavBarElement.<init>(NavBarElement.java:11)
	at Pages.BasePage.<init>(BasePage.java:11)
	at Elements.NavBarElement.<init>(NavBarElement.java:11)
	at Pages.BasePage.<init>(BasePage.java:11)
	at Elements.NavBarElement.<init>(NavBarElement.java:11)
	at Pages.BasePage.<init>(BasePage.java:11)
	at Elements.NavBarElement.<init>(NavBarElement.java:11)
	at Pages.BasePage.<init>(BasePage.java:11)
	at Elements.NavBarElement.<init>(NavBarElement.java:11)
	at Pages.BasePage.<init>(BasePage.java:11)
	at Elements.NavBarElement.<init>(NavBarElement.java:11)
	at Pages.BasePage.<init>(BasePage.java:11)
	at Elements.NavBarElement.<init>(NavBarElement.java:11)
	at Pages.BasePage.<init>(BasePage.java:11)
	at Elements.NavBarElement.<init>(NavBarElement.java:11)
	at Pages.BasePage.<init>(BasePage.java:11)
	at Elements.NavBarElement.<init>(NavBarElement.java:11)
	at Pages.BasePage.<init>(BasePage.java:11)
	at Elements.NavBarElement.<init>(NavBarElement.java:11)
	at Pages.BasePage.<init>(BasePage.java:11)
	at Elements.NavBarElement.<init>(NavBarElement.java:11)
	at Pages.BasePage.<init>(BasePage.java:11)
	at Elements.NavBarElement.<init>(NavBarElement.java:11)
	at Pages.BasePage.<init>(BasePage.java:11)
	at Elements.NavBarElement.<init>(NavBarElement.java:11)
	at Pages.BasePage.<init>(BasePage.java:11)
	at Elements.NavBarElement.<init>(NavBarElement.java:11)
	at Pages.BasePage.<init>(BasePage.java:11)
	at Elements.NavBarElement.<init>(NavBarElement.java:11)
	at Pages.BasePage.<init>(BasePage.java:11)
	at Elements.NavBarElement.<init>(NavBarElement.java:11)
	at Pages.BasePage.<init>(BasePage.java:11)
	at Elements.NavBarElement.<init>(NavBarElement.java:11)
	at Pages.BasePage.<init>(BasePage.java:11)
	at Elements.NavBarElement.<init>(NavBarElement.java:11)
	at Pages.BasePage.<init>(BasePage.java:11)
	at Elements.NavBarElement.<init>(NavBarElement.java:11)
	at Pages.BasePage.<init>(BasePage.java:11)
	at Elements.NavBarElement.<init>(NavBarElement.java:11)
	at Pages.BasePage.<init>(BasePage.java:11)
	at Elements.NavBarElement.<init>(NavBarElement.java:11)
	at Pages.BasePage.<init>(BasePage.java:11)
	at Elements.NavBarElement.<init>(NavBarElement.java:11)
	at Pages.BasePage.<init>(BasePage.java:11)
	at Elements.NavBarElement.<init>(NavBarElement.java:11)
	at Pages.BasePage.<init>(BasePage.java:11)
	at Elements.NavBarElement.<init>(NavBarElement.java:11)
	at Pages.BasePage.<init>(BasePage.java:11)
	at Elements.NavBarElement.<init>(NavBarElement.java:11)
	at Pages.BasePage.<init>(BasePage.java:11)
	at Elements.NavBarElement.<init>(NavBarElement.java:11)
	at Pages.BasePage.<init>(BasePage.java:11)
	at Elements.NavBarElement.<init>(NavBarElement.java:11)
	at Pages.BasePage.<init>(BasePage.java:11)
	at Elements.NavBarElement.<init>(NavBarElement.java:11)
	at Pages.BasePage.<init>(BasePage.java:11)
	at Elements.NavBarElement.<init>(NavBarElement.java:11)
	at Pages.BasePage.<init>(BasePage.java:11)
	at Elements.NavBarElement.<init>(NavBarElement.java:11)
	at Pages.BasePage.<init>(BasePage.java:11)
	at Elements.NavBarElement.<init>(NavBarElement.java:11)
	at Pages.BasePage.<init>(BasePage.java:11)
	at Elements.NavBarElement.<init>(NavBarElement.java:11)
	at Pages.BasePage.<init>(BasePage.java:11)
	at Elements.NavBarElement.<init>(NavBarElement.java:11)
	at Pages.BasePage.<init>(BasePage.java:11)
	at Elements.NavBarElement.<init>(NavBarElement.java:11)
	at Pages.BasePage.<init>(BasePage.java:11)
	at Elements.NavBarElement.<init>(NavBarElement.java:11)
	at Pages.BasePage.<init>(BasePage.java:11)
	at Elements.NavBarElement.<init>(NavBarElement.java:11)
	at Pages.BasePage.<init>(BasePage.java:11)
	at Elements.NavBarElement.<init>(NavBarElement.java:11)
	at Pages.BasePage.<init>(BasePage.java:11)
	at Elements.NavBarElement.<init>(NavBarElement.java:11)
	at Pages.BasePage.<init>(BasePage.java:11)
	at Elements.NavBarElement.<init>(NavBarElement.java:11)
	at Pages.BasePage.<init>(BasePage.java:11)
	at Elements.NavBarElement.<init>(NavBarElement.java:11)
	at Pages.BasePage.<init>(BasePage.java:11)
	at Elements.NavBarElement.<init>(NavBarElement.java:11)
	at Pages.BasePage.<init>(BasePage.java:11)
	at Elements.NavBarElement.<init>(NavBarElement.java:11)
	at Pages.BasePage.<init>(BasePage.java:11)
	at Elements.NavBarElement.<init>(NavBarElement.java:11)
	at Pages.BasePage.<init>(BasePage.java:11)
	at Elements.NavBarElement.<init>(NavBarElement.java:11)
	at Pages.BasePage.<init>(BasePage.java:11)
	at Elements.NavBarElement.<init>(NavBarElement.java:11)
	at Pages.BasePage.<init>(BasePage.java:11)
	at Elements.NavBarElement.<init>(NavBarElement.java:11)
	at Pages.BasePage.<init>(BasePage.java:11)
	at Elements.NavBarElement.<init>(NavBarElement.java:11)
	at Pages.BasePage.<init>(BasePage.java:11)
	at Elements.NavBarElement.<init>(NavBarElement.java:11)
	at Pages.BasePage.<init>(BasePage.java:11)
	at Elements.NavBarElement.<init>(NavBarElement.java:11)
	at Pages.BasePage.<init>(BasePage.java:11)
	at Elements.NavBarElement.<init>(NavBarElement.java:11)
	at Pages.BasePage.<init>(BasePage.java:11)
	at Elements.NavBarElement.<init>(NavBarElement.java:11)
	at Pages.BasePage.<init>(BasePage.java:11)
	at Elements.NavBarElement.<init>(NavBarElement.java:11)
	at Pages.BasePage.<init>(BasePage.java:11)
	at Elements.NavBarElement.<init>(NavBarElement.java:11)
	at Pages.BasePage.<init>(BasePage.java:11)
	at Elements.NavBarElement.<init>(NavBarElement.java:11)
	at Pages.BasePage.<init>(BasePage.java:11)
	at Elements.NavBarElement.<init>(NavBarElement.java:11)
	at Pages.BasePage.<init>(BasePage.java:11)
	at Elements.NavBarElement.<init>(NavBarElement.java:11)
	at Pages.BasePage.<init>(BasePage.java:11)
	at Elements.NavBarElement.<init>(NavBarElement.java:11)
	at Pages.BasePage.<init>(BasePage.java:11)
	at Elements.NavBarElement.<init>(NavBarElement.java:11)
	at Pages.BasePage.<init>(BasePage.java:11)
	at Elements.NavBarElement.<init>(NavBarElement.java:11)
	at Pages.BasePage.<init>(BasePage.java:11)
	at Elements.NavBarElement.<init>(NavBarElement.java:11)
	at Pages.BasePage.<init>(BasePage.java:11)
	at Elements.NavBarElement.<init>(NavBarElement.java:11)
	at Pages.BasePage.<init>(BasePage.java:11)
	at Elements.NavBarElement.<init>(NavBarElement.java:11)
	at Pages.BasePage.<init>(BasePage.java:11)
	at Elements.NavBarElement.<init>(NavBarElement.java:11)
	at Pages.BasePage.<init>(BasePage.java:11)
	at Elements.NavBarElement.<init>(NavBarElement.java:11)
	at Pages.BasePage.<init>(BasePage.java:11)
	at Elements.NavBarElement.<init>(NavBarElement.java:11)
	at Pages.BasePage.<init>(BasePage.java:11)
	at Elements.NavBarElement.<init>(NavBarElement.java:11)
	at Pages.BasePage.<init>(BasePage.java:11)
	at Elements.NavBarElement.<init>(NavBarElement.java:11)
	at Pages.BasePage.<init>(BasePage.java:11)
	at Elements.NavBarElement.<init>(NavBarElement.java:11)
	at Pages.BasePage.<init>(BasePage.java:11)
	at Elements.NavBarElement.<init>(NavBarElement.java:11)
	at Pages.BasePage.<init>(BasePage.java:11)
	at Elements.NavBarElement.<init>(NavBarElement.java:11)
	at Pages.BasePage.<init>(BasePage.java:11)
	at Elements.NavBarElement.<init>(NavBarElement.java:11)
	at Pages.BasePage.<init>(BasePage.java:11)
	at Elements.NavBarElement.<init>(NavBarElement.java:11)
	at Pages.BasePage.<init>(BasePage.java:11)
	at Elements.NavBarElement.<init>(NavBarElement.java:11)
	at Pages.BasePage.<init>(BasePage.java:11)
	at Elements.NavBarElement.<init>(NavBarElement.java:11)
	at Pages.BasePage.<init>(BasePage.java:11)
	at Elements.NavBarElement.<init>(NavBarElement.java:11)
	at Pages.BasePage.<init>(BasePage.java:11)
	at Elements.NavBarElement.<init>(NavBarElement.java:11)
	at Pages.BasePage.<init>(BasePage.java:11)
	at Elements.NavBarElement.<init>(NavBarElement.java:11)
	at Pages.BasePage.<init>(BasePage.java:11)
	at Elements.NavBarElement.<init>(NavBarElement.java:11)
	at Pages.BasePage.<init>(BasePage.java:11)
	at Elements.NavBarElement.<init>(NavBarElement.java:11)
	at Pages.BasePage.<init>(BasePage.java:11)
	at Elements.NavBarElement.<init>(NavBarElement.java:11)
	at Pages.BasePage.<init>(BasePage.java:11)
	at Elements.NavBarElement.<init>(NavBarElement.java:11)
	at Pages.BasePage.<init>(BasePage.java:11)
	at Elements.NavBarElement.<init>(NavBarElement.java:11)
	at Pages.BasePage.<init>(BasePage.java:11)
	at Elements.NavBarElement.<init>(NavBarElement.java:11)
	at Pages.BasePage.<init>(BasePage.java:11)
	at Elements.NavBarElement.<init>(NavBarElement.java:11)
	at Pages.BasePage.<init>(BasePage.java:11)
	at Elements.NavBarElement.<init>(NavBarElement.java:11)
	at Pages.BasePage.<init>(BasePage.java:11)
	at Elements.NavBarElement.<init>(NavBarElement.java:11)
	at Pages.BasePage.<init>(BasePage.java:11)
	at Elements.NavBarElement.<init>(NavBarElement.java:11)
	at Pages.BasePage.<init>(BasePage.java:11)
	at Elements.NavBarElement.<init>(NavBarElement.java:11)
	at Pages.BasePage.<init>(BasePage.java:11)
	at Elements.NavBarElement.<init>(NavBarElement.java:11)
	at Pages.BasePage.<init>(BasePage.java:11)
	at Elements.NavBarElement.<init>(NavBarElement.java:11)
	at Pages.BasePage.<init>(BasePage.java:11)
	at Elements.NavBarElement.<init>(NavBarElement.java:11)
	at Pages.BasePage.<init>(BasePage.java:11)
	at Elements.NavBarElement.<init>(NavBarElement.java:11)
	at Pages.BasePage.<init>(BasePage.java:11)
	at Elements.NavBarElement.<init>(NavBarElement.java:11)
	at Pages.BasePage.<init>(BasePage.java:11)
	at Elements.NavBarElement.<init>(NavBarElement.java:11)
	at Pages.BasePage.<init>(BasePage.java:11)
	at Elements.NavBarElement.<init>(NavBarElement.java:11)
	at Pages.BasePage.<init>(BasePage.java:11)
	at Elements.NavBarElement.<init>(NavBarElement.java:11)
	at Pages.BasePage.<init>(BasePage.java:11)
	at Elements.NavBarElement.<init>(NavBarElement.java:11)
	at Pages.BasePage.<init>(BasePage.java:11)
	at Elements.NavBarElement.<init>(NavBarElement.java:11)
	at Pages.BasePage.<init>(BasePage.java:11)
	at Elements.NavBarElement.<init>(NavBarElement.java:11)
	at Pages.BasePage.<init>(BasePage.java:11)
	at Elements.NavBarElement.<init>(NavBarElement.java:11)
	at Pages.BasePage.<init>(BasePage.java:11)
	at Elements.NavBarElement.<init>(NavBarElement.java:11)
	at Pages.BasePage.<init>(BasePage.java:11)
	at Elements.NavBarElement.<init>(NavBarElement.java:11)
	at Pages.BasePage.<init>(BasePage.java:11)
	at Elements.NavBarElement.<init>(NavBarElement.java:11)
	at Pages.BasePage.<init>(BasePage.java:11)
	at Elements.NavBarElement.<init>(NavBarElement.java:11)
	at Pages.BasePage.<init>(BasePage.java:11)
	at Elements.NavBarElement.<init>(NavBarElement.java:11)
	at Pages.BasePage.<init>(BasePage.java:11)
	at Elements.NavBarElement.<init>(NavBarElement.java:11)
	at Pages.BasePage.<init>(BasePage.java:11)
	at Elements.NavBarElement.<init>(NavBarElement.java:11)
	at Pages.BasePage.<init>(BasePage.java:11)
	at Elements.NavBarElement.<init>(NavBarElement.java:11)
	at Pages.BasePage.<init>(BasePage.java:11)
	at Elements.NavBarElement.<init>(NavBarElement.java:11)
	at Pages.BasePage.<init>(BasePage.java:11)
	at Elements.NavBarElement.<init>(NavBarElement.java:11)
	at Pages.BasePage.<init>(BasePage.java:11)
	at Elements.NavBarElement.<init>(NavBarElement.java:11)
	at Pages.BasePage.<init>(BasePage.java:11)
	at Elements.NavBarElement.<init>(NavBarElement.java:11)
	at Pages.BasePage.<init>(BasePage.java:11)
	at Elements.NavBarElement.<init>(NavBarElement.java:11)
	at Pages.BasePage.<init>(BasePage.java:11)
	at Elements.NavBarElement.<init>(NavBarElement.java:11)
	at Pages.BasePage.<init>(BasePage.java:11)
	at Elements.NavBarElement.<init>(NavBarElement.java:11)
	at Pages.BasePage.<init>(BasePage.java:11)
	at Elements.NavBarElement.<init>(NavBarElement.java:11)
	at Pages.BasePage.<init>(BasePage.java:11)
	at Elements.NavBarElement.<init>(NavBarElement.java:11)
	at Pages.BasePage.<init>(BasePage.java:11)
	at Elements.NavBarElement.<init>(NavBarElement.java:11)
	at Pages.BasePage.<init>(BasePage.java:11)
	at Elements.NavBarElement.<init>(NavBarElement.java:11)
	at Pages.BasePage.<init>(BasePage.java:11)
	at Elements.NavBarElement.<init>(NavBarElement.java:11)
	at Pages.BasePage.<init>(BasePage.java:11)
	at Elements.NavBarElement.<init>(NavBarElement.java:11)
	at Pages.BasePage.<init>(BasePage.java:11)
	at Elements.NavBarElement.<init>(NavBarElement.java:11)
	at Pages.BasePage.<init>(BasePage.java:11)
	at Elements.NavBarElement.<init>(NavBarElement.java:11)
	at Pages.BasePage.<init>(BasePage.java:11)
	at Elements.NavBarElement.<init>(NavBarElement.java:11)
	at Pages.BasePage.<init>(BasePage.java:11)
	at Elements.NavBarElement.<init>(NavBarElement.java:11)
	at Pages.BasePage.<init>(BasePage.java:11)
	at Elements.NavBarElement.<init>(NavBarElement.java:11)
	at Pages.BasePage.<init>(BasePage.java:11)
	at Elements.NavBarElement.<init>(NavBarElement.java:11)
	at Pages.BasePage.<init>(BasePage.java:11)
	at Elements.NavBarElement.<init>(NavBarElement.java:11)
	at Pages.BasePage.<init>(BasePage.java:11)
	at Elements.NavBarElement.<init>(NavBarElement.java:11)
	at Pages.BasePage.<init>(BasePage.java:11)
	at Elements.NavBarElement.<init>(NavBarElement.java:11)
	at Pages.BasePage.<init>(BasePage.java:11)
	at Elements.NavBarElement.<init>(NavBarElement.java:11)
	at Pages.BasePage.<init>(BasePage.java:11)
	at Elements.NavBarElement.<init>(NavBarElement.java:11)
	at Pages.BasePage.<init>(BasePage.java:11)
	at Elements.NavBarElement.<init>(NavBarElement.java:11)
	at Pages.BasePage.<init>(BasePage.java:11)
	at Elements.NavBarElement.<init>(NavBarElement.java:11)
	at Pages.BasePage.<init>(BasePage.java:11)
	at Elements.NavBarElement.<init>(NavBarElement.java:11)
	at Pages.BasePage.<init>(BasePage.java:11)
	at Elements.NavBarElement.<init>(NavBarElement.java:11)
	at Pages.BasePage.<init>(BasePage.java:11)
	at Elements.NavBarElement.<init>(NavBarElement.java:11)
	at Pages.BasePage.<init>(BasePage.java:11)
	at Elements.NavBarElement.<init>(NavBarElement.java:11)
	at Pages.BasePage.<init>(BasePage.java:11)
	at Elements.NavBarElement.<init>(NavBarElement.java:11)
	at Pages.BasePage.<init>(BasePage.java:11)
	at Elements.NavBarElement.<init>(NavBarElement.java:11)
	at Pages.BasePage.<init>(BasePage.java:11)
	at Elements.NavBarElement.<init>(NavBarElement.java:11)
	at Pages.BasePage.<init>(BasePage.java:11)
	at Elements.NavBarElement.<init>(NavBarElement.java:11)
	at Pages.BasePage.<init>(BasePage.java:11)
	at Elements.NavBarElement.<init>(NavBarElement.java:11)
	at Pages.BasePage.<init>(BasePage.java:11)
	at Elements.NavBarElement.<init>(NavBarElement.java:11)
	at Pages.BasePage.<init>(BasePage.java:11)
	at Elements.NavBarElement.<init>(NavBarElement.java:11)
	at Pages.BasePage.<init>(BasePage.java:11)
	at Elements.NavBarElement.<init>(NavBarElement.java:11)
	at Pages.BasePage.<init>(BasePage.java:11)
	at Elements.NavBarElement.<init>(NavBarElement.java:11)
	at Pages.BasePage.<init>(BasePage.java:11)
	at Elements.NavBarElement.<init>(NavBarElement.java:11)
	at Pages.BasePage.<init>(BasePage.java:11)
	at Elements.NavBarElement.<init>(NavBarElement.java:11)
	at Pages.BasePage.<init>(BasePage.java:11)
	at Elements.NavBarElement.<init>(NavBarElement.java:11)
	at Pages.BasePage.<init>(BasePage.java:11)
	at Elements.NavBarElement.<init>(NavBarElement.java:11)
	at Pages.BasePage.<init>(BasePage.java:11)
	at Elements.NavBarElement.<init>(NavBarElement.java:11)
	at Pages.BasePage.<init>(BasePage.java:11)
	at Elements.NavBarElement.<init>(NavBarElement.java:11)
	at Pages.BasePage.<init>(BasePage.java:11)
	at Elements.NavBarElement.<init>(NavBarElement.java:11)
	at Pages.BasePage.<init>(BasePage.java:11)
	at Elements.NavBarElement.<init>(NavBarElement.java:11)
	at Pages.BasePage.<init>(BasePage.java:11)
	at Elements.NavBarElement.<init>(NavBarElement.java:11)
	at Pages.BasePage.<init>(BasePage.java:11)
	at Elements.NavBarElement.<init>(NavBarElement.java:11)
	at Pages.BasePage.<init>(BasePage.java:11)
	at Elements.NavBarElement.<init>(NavBarElement.java:11)
	at Pages.BasePage.<init>(BasePage.java:11)
	at Elements.NavBarElement.<init>(NavBarElement.java:11)
	at Pages.BasePage.<init>(BasePage.java:11)
	at Elements.NavBarElement.<init>(NavBarElement.java:11)
	at Pages.BasePage.<init>(BasePage.java:11)
	at Elements.NavBarElement.<init>(NavBarElement.java:11)
	at Pages.BasePage.<init>(BasePage.java:11)
	at Elements.NavBarElement.<init>(NavBarElement.java:11)
	at Pages.BasePage.<init>(BasePage.java:11)
	at Elements.NavBarElement.<init>(NavBarElement.java:11)
	at Pages.BasePage.<init>(BasePage.java:11)
	at Elements.NavBarElement.<init>(NavBarElement.java:11)
	at Pages.BasePage.<init>(BasePage.java:11)
	at Elements.NavBarElement.<init>(NavBarElement.java:11)
	at Pages.BasePage.<init>(BasePage.java:11)
	at Elements.NavBarElement.<init>(NavBarElement.java:11)
	at Pages.BasePage.<init>(BasePage.java:11)
	at Elements.NavBarElement.<init>(NavBarElement.java:11)
	at Pages.BasePage.<init>(BasePage.java:11)
	at Elements.NavBarElement.<init>(NavBarElement.java:11)
	at Pages.BasePage.<init>(BasePage.java:11)
	at Elements.NavBarElement.<init>(NavBarElement.java:11)
	at Pages.BasePage.<init>(BasePage.java:11)
	at Elements.NavBarElement.<init>(NavBarElement.java:11)
	at Pages.BasePage.<init>(BasePage.java:11)
	at Elements.NavBarElement.<init>(NavBarElement.java:11)
	at Pages.BasePage.<init>(BasePage.java:11)
	at Elements.NavBarElement.<init>(NavBarElement.java:11)
	at Pages.BasePage.<init>(BasePage.java:11)
	at Elements.NavBarElement.<init>(NavBarElement.java:11)
	at Pages.BasePage.<init>(BasePage.java:11)
	at Elements.NavBarElement.<init>(NavBarElement.java:11)
	at Pages.BasePage.<init>(BasePage.java:11)
	at Elements.NavBarElement.<init>(NavBarElement.java:11)
	at Pages.BasePage.<init>(BasePage.java:11)
	at Elements.NavBarElement.<init>(NavBarElement.java:11)
	at Pages.BasePage.<init>(BasePage.java:11)
	at Elements.NavBarElement.<init>(NavBarElement.java:11)
	at Pages.BasePage.<init>(BasePage.java:11)
	at Elements.NavBarElement.<init>(NavBarElement.java:11)
	at Pages.BasePage.<init>(BasePage.java:11)
	at Elements.NavBarElement.<init>(NavBarElement.java:11)
	at Pages.BasePage.<init>(BasePage.java:11)
	at Elements.NavBarElement.<init>(NavBarElement.java:11)
	at Pages.BasePage.<init>(BasePage.java:11)
	at Elements.NavBarElement.<init>(NavBarElement.java:11)
	at Pages.BasePage.<init>(BasePage.java:11)
	at Elements.NavBarElement.<init>(NavBarElement.java:11)
	at Pages.BasePage.<init>(BasePage.java:11)
	at Elements.NavBarElement.<init>(NavBarElement.java:11)
	at Pages.BasePage.<init>(BasePage.java:11)
	at Elements.NavBarElement.<init>(NavBarElement.java:11)
	at Pages.BasePage.<init>(BasePage.java:11)
	at Elements.NavBarElement.<init>(NavBarElement.java:11)
	at Pages.BasePage.<init>(BasePage.java:11)
	at Elements.NavBarElement.<init>(NavBarElement.java:11)
	at Pages.BasePage.<init>(BasePage.java:11)
	at Elements.NavBarElement.<init>(NavBarElement.java:11)
	at Pages.BasePage.<init>(BasePage.java:11)
	at Elements.NavBarElement.<init>(NavBarElement.java:11)
	at Pages.BasePage.<init>(BasePage.java:11)
	at Elements.NavBarElement.<init>(NavBarElement.java:11)
	at Pages.BasePage.<init>(BasePage.java:11)
	at Elements.NavBarElement.<init>(NavBarElement.java:11)
	at Pages.BasePage.<init>(BasePage.java:11)
	at Elements.NavBarElement.<init>(NavBarElement.java:11)
	at Pages.BasePage.<init>(BasePage.java:11)
	at Elements.NavBarElement.<init>(NavBarElement.java:11)
	at Pages.BasePage.<init>(BasePage.java:11)
	at Elements.NavBarElement.<init>(NavBarElement.java:11)
	at Pages.BasePage.<init>(BasePage.java:11)
	at Elements.NavBarElement.<init>(NavBarElement.java:11)
	at Pages.BasePage.<init>(BasePage.java:11)
	at Elements.NavBarElement.<init>(NavBarElement.java:11)
	at Pages.BasePage.<init>(BasePage.java:11)
	at Elements.NavBarElement.<init>(NavBarElement.java:11)
	at Pages.BasePage.<init>(BasePage.java:11)
	at Elements.NavBarElement.<init>(NavBarElement.java:11)
	at Pages.BasePage.<init>(BasePage.java:11)
	at Elements.NavBarElement.<init>(NavBarElement.java:11)
	at Pages.BasePage.<init>(BasePage.java:11)
	at Elements.NavBarElement.<init>(NavBarElement.java:11)
	at Pages.BasePage.<init>(BasePage.java:11)
	at Elements.NavBarElement.<init>(NavBarElement.java:11)
	at Pages.BasePage.<init>(BasePage.java:11)
	at Elements.NavBarElement.<init>(NavBarElement.java:11)
	at Pages.BasePage.<init>(BasePage.java:11)
	at Elements.NavBarElement.<init>(NavBarElement.java:11)
	at Pages.BasePage.<init>(BasePage.java:11)
	at Elements.NavBarElement.<init>(NavBarElement.java:11)
	at Pages.BasePage.<init>(BasePage.java:11)
	at Elements.NavBarElement.<init>(NavBarElement.java:11)
	at Pages.BasePage.<init>(BasePage.java:11)
	at Elements.NavBarElement.<init>(NavBarElement.java:11)
	at Pages.BasePage.<init>(BasePage.java:11)
	at Elements.NavBarElement.<init>(NavBarElement.java:11)
	at Pages.BasePage.<init>(BasePage.java:11)
	at Elements.NavBarElement.<init>(NavBarElement.java:11)
	at Pages.BasePage.<init>(BasePage.java:11)
	at Elements.NavBarElement.<init>(NavBarElement.java:11)
	at Pages.BasePage.<init>(BasePage.java:11)
	at Elements.NavBarElement.<init>(NavBarElement.java:11)
	at Pages.BasePage.<init>(BasePage.java:11)
	at Elements.NavBarElement.<init>(NavBarElement.java:11)
	at Pages.BasePage.<init>(BasePage.java:11)
	at Elements.NavBarElement.<init>(NavBarElement.java:11)
	at Pages.BasePage.<init>(BasePage.java:11)
	at Elements.NavBarElement.<init>(NavBarElement.java:11)
	at Pages.BasePage.<init>(BasePage.java:11)
	at Elements.NavBarElement.<init>(NavBarElement.java:11)
	at Pages.BasePage.<init>(BasePage.java:11)
	at Elements.NavBarElement.<init>(NavBarElement.java:11)
	at Pages.BasePage.<init>(BasePage.java:11)
	at Elements.NavBarElement.<init>(NavBarElement.java:11)
	at Pages.BasePage.<init>(BasePage.java:11)
	at Elements.NavBarElement.<init>(NavBarElement.java:11)
	at Pages.BasePage.<init>(BasePage.java:11)
	at Elements.NavBarElement.<init>(NavBarElement.java:11)
	at Pages.BasePage.<init>(BasePage.java:11)
	at Elements.NavBarElement.<init>(NavBarElement.java:11)
	at Pages.BasePage.<init>(BasePage.java:11)
	at Elements.NavBarElement.<init>(NavBarElement.java:11)
	at Pages.BasePage.<init>(BasePage.java:11)
	at Elements.NavBarElement.<init>(NavBarElement.java:11)
	at Pages.BasePage.<init>(BasePage.java:11)
	at Elements.NavBarElement.<init>(NavBarElement.java:11)
	at Pages.BasePage.<init>(BasePage.java:11)
	at Elements.NavBarElement.<init>(NavBarElement.java:11)
	at Pages.BasePage.<init>(BasePage.java:11)
	at Elements.NavBarElement.<init>(NavBarElement.java:11)
	at Pages.BasePage.<init>(BasePage.java:11)
	at Elements.NavBarElement.<init>(NavBarElement.java:11)
	at Pages.BasePage.<init>(BasePage.java:11)
	at Elements.NavBarElement.<init>(NavBarElement.java:11)
	at Pages.BasePage.<init>(BasePage.java:11)
	at Elements.NavBarElement.<init>(NavBarElement.java:11)
	at Pages.BasePage.<init>(BasePage.java:11)
	at Elements.NavBarElement.<init>(NavBarElement.java:11)
	at Pages.BasePage.<init>(BasePage.java:11)
	at Elements.NavBarElement.<init>(NavBarElement.java:11)
	at Pages.BasePage.<init>(BasePage.java:11)
	at Elements.NavBarElement.<init>(NavBarElement.java:11)
	at Pages.BasePage.<init>(BasePage.java:11)
	at Elements.NavBarElement.<init>(NavBarElement.java:11)
	at Pages.BasePage.<init>(BasePage.java:11)
	at Elements.NavBarElement.<init>(NavBarElement.java:11)
	at Pages.BasePage.<init>(BasePage.java:11)
	at Elements.NavBarElement.<init>(NavBarElement.java:11)
	at Pages.BasePage.<init>(BasePage.java:11)
	at Elements.NavBarElement.<init>(NavBarElement.java:11)
	at Pages.BasePage.<init>(BasePage.java:11)
	at Elements.NavBarElement.<init>(NavBarElement.java:11)
	at Pages.BasePage.<init>(BasePage.java:11)
	at Elements.NavBarElement.<init>(NavBarElement.java:11)
	at Pages.BasePage.<init>(BasePage.java:11)
	at Elements.NavBarElement.<init>(NavBarElement.java:11)
	at Pages.BasePage.<init>(BasePage.java:11)
	at Elements.NavBarElement.<init>(NavBarElement.java:11)
	at Pages.BasePage.<init>(BasePage.java:11)
	at Elements.NavBarElement.<init>(NavBarElement.java:11)
	at Pages.BasePage.<init>(BasePage.java:11)
	at Elements.NavBarElement.<init>(NavBarElement.java:11)
	at Pages.BasePage.<init>(BasePage.java:11)
	at Elements.NavBarElement.<init>(NavBarElement.java:11)
	at Pages.BasePage.<init>(BasePage.java:11)
	at Elements.NavBarElement.<init>(NavBarElement.java:11)
	at Pages.BasePage.<init>(BasePage.java:11)
	at Elements.NavBarElement.<init>(NavBarElement.java:11)
	at Pages.BasePage.<init>(BasePage.java:11)
	at Elements.NavBarElement.<init>(NavBarElement.java:11)
	at Pages.BasePage.<init>(BasePage.java:11)
	at Elements.NavBarElement.<init>(NavBarElement.java:11)
	at Pages.BasePage.<init>(BasePage.java:11)
	at Elements.NavBarElement.<init>(NavBarElement.java:11)
	at Pages.BasePage.<init>(BasePage.java:11)
	at Elements.NavBarElement.<init>(NavBarElement.java:11)
	at Pages.BasePage.<init>(BasePage.java:11)
	at Elements.NavBarElement.<init>(NavBarElement.java:11)
	at Pages.BasePage.<init>(BasePage.java:11)
	at Elements.NavBarElement.<init>(NavBarElement.java:11)
	at Pages.BasePage.<init>(BasePage.java:11)
	at Elements.NavBarElement.<init>(NavBarElement.java:11)
	at Pages.BasePage.<init>(BasePage.java:11)
	at Elements.NavBarElement.<init>(NavBarElement.java:11)
	at Pages.BasePage.<init>(BasePage.java:11)
	at Elements.NavBarElement.<init>(NavBarElement.java:11)
	at Pages.BasePage.<init>(BasePage.java:11)
	at Elements.NavBarElement.<init>(NavBarElement.java:11)
	at Pages.BasePage.<init>(BasePage.java:11)
	at Elements.NavBarElement.<init>(NavBarElement.java:11)
	at Pages.BasePage.<init>(BasePage.java:11)
	at Elements.NavBarElement.<init>(NavBarElement.java:11)
	at Pages.BasePage.<init>(BasePage.java:11)
	at Elements.NavBarElement.<init>(NavBarElement.java:11)
	at Pages.BasePage.<init>(BasePage.java:11)
	at Elements.NavBarElement.<init>(NavBarElement.java:11)
	at Pages.BasePage.<init>(BasePage.java:11)
	at Elements.NavBarElement.<init>(NavBarElement.java:11)
	at Pages.BasePage.<init>(BasePage.java:11)
	at Elements.NavBarElement.<init>(NavBarElement.java:11)
	at Pages.BasePage.<init>(BasePage.java:11)
	at Elements.NavBarElement.<init>(NavBarElement.java:11)
	at Pages.BasePage.<init>(BasePage.java:11)
	at Elements.NavBarElement.<init>(NavBarElement.java:11)
	at Pages.BasePage.<init>(BasePage.java:11)
	at Elements.NavBarElement.<init>(NavBarElement.java:11)
	at Pages.BasePage.<init>(BasePage.java:11)
	at Elements.NavBarElement.<init>(NavBarElement.java:11)
	at Pages.BasePage.<init>(BasePage.java:11)
	at Elements.NavBarElement.<init>(NavBarElement.java:11)
	at Pages.BasePage.<init>(BasePage.java:11)
	at Elements.NavBarElement.<init>(NavBarElement.java:11)
	at Pages.BasePage.<init>(BasePage.java:11)
	at Elements.NavBarElement.<init>(NavBarElement.java:11)
	at Pages.BasePage.<init>(BasePage.java:11)
	at Elements.NavBarElement.<init>(NavBarElement.java:11)
	at Pages.BasePage.<init>(BasePage.java:11)
	at Elements.NavBarElement.<init>(NavBarElement.java:11)
	at Pages.BasePage.<init>(BasePage.java:11)
	at Elements.NavBarElement.<init>(NavBarElement.java:11)
	at Pages.BasePage.<init>(BasePage.java:11)
	at Elements.NavBarElement.<init>(NavBarElement.java:11)
	at Pages.BasePage.<init>(BasePage.java:11)
	at Elements.NavBarElement.<init>(NavBarElement.java:11)
	at Pages.BasePage.<init>(BasePage.java:11)
	at Elements.NavBarElement.<init>(NavBarElement.java:11)
	at Pages.BasePage.<init>(BasePage.java:11)
	at Elements.NavBarElement.<init>(NavBarElement.java:11)
	at Pages.BasePage.<init>(BasePage.java:11)
	at Elements.NavBarElement.<init>(NavBarElement.java:11)
	at Pages.BasePage.<init>(BasePage.java:11)
	at Elements.NavBarElement.<init>(NavBarElement.java:11)
	at Pages.BasePage.<init>(BasePage.java:11)
	at Elements.NavBarElement.<init>(NavBarElement.java:11)
	at Pages.BasePage.<init>(BasePage.java:11)
	at Elements.NavBarElement.<init>(NavBarElement.java:11)
	at Pages.BasePage.<init>(BasePage.java:11)
	at Elements.NavBarElement.<init>(NavBarElement.java:11)
	at Pages.BasePage.<init>(BasePage.java:11)
	at Elements.NavBarElement.<init>(NavBarElement.java:11)
	at Pages.BasePage.<init>(BasePage.java:11)
	at Elements.NavBarElement.<init>(NavBarElement.java:11)
	at Pages.BasePage.<init>(BasePage.java:11)
	at Elements.NavBarElement.<init>(NavBarElement.java:11)
	at Pages.BasePage.<init>(BasePage.java:11)
	at Elements.NavBarElement.<init>(NavBarElement.java:11)
	at Pages.BasePage.<init>(BasePage.java:11)
	at Elements.NavBarElement.<init>(NavBarElement.java:11)
	at Pages.BasePage.<init>(BasePage.java:11)
	at Elements.NavBarElement.<init>(NavBarElement.java:11)
	at Pages.BasePage.<init>(BasePage.java:11)
	at Elements.NavBarElement.<init>(NavBarElement.java:11)
	at Pages.BasePage.<init>(BasePage.java:11)
	at Elements.NavBarElement.<init>(NavBarElement.java:11)
	at Pages.BasePage.<init>(BasePage.java:11)
	at Elements.NavBarElement.<init>(NavBarElement.java:11)
	at Pages.BasePage.<init>(BasePage.java:11)
	at Elements.NavBarElement.<init>(NavBarElement.java:11)
	at Pages.BasePage.<init>(BasePage.java:11)
	at Elements.NavBarElement.<init>(NavBarElement.java:11)
	at Pages.BasePage.<init>(BasePage.java:11)
	at Elements.NavBarElement.<init>(NavBarElement.java:11)
	at Pages.BasePage.<init>(BasePage.java:11)
	at Elements.NavBarElement.<init>(NavBarElement.java:11)
	at Pages.BasePage.<init>(BasePage.java:11)
	at Elements.NavBarElement.<init>(NavBarElement.java:11)
	at Pages.BasePage.<init>(BasePage.java:11)
	at Elements.NavBarElement.<init>(NavBarElement.java:11)
	at Pages.BasePage.<init>(BasePage.java:11)
	at Elements.NavBarElement.<init>(NavBarElement.java:11)
	at Pages.BasePage.<init>(BasePage.java:11)
	at Elements.NavBarElement.<init>(NavBarElement.java:11)
	at Pages.BasePage.<init>(BasePage.java:11)
	at Elements.NavBarElement.<init>(NavBarElement.java:11)
	at Pages.BasePage.<init>(BasePage.java:11)
	at Elements.NavBarElement.<init>(NavBarElement.java:11)
	at Pages.BasePage.<init>(BasePage.java:11)
	at Elements.NavBarElement.<init>(NavBarElement.java:11)
	at Pages.BasePage.<init>(BasePage.java:11)
	at Elements.NavBarElement.<init>(NavBarElement.java:11)
	at Pages.BasePage.<init>(BasePage.java:11)
	at Elements.NavBarElement.<init>(NavBarElement.java:11)
	at Pages.BasePage.<init>(BasePage.java:11)
	at Elements.NavBarElement.<init>(NavBarElement.java:11)
	at Pages.BasePage.<init>(BasePage.java:11)
	at Elements.NavBarElement.<init>(NavBarElement.java:11)
	at Pages.BasePage.<init>(BasePage.java:11)
	at Elements.NavBarElement.<init>(NavBarElement.java:11)
	at Pages.BasePage.<init>(BasePage.java:11)
	at Elements.NavBarElement.<init>(NavBarElement.java:11)
	at Pages.BasePage.<init>(BasePage.java:11)
	at Elements.NavBarElement.<init>(NavBarElement.java:11)
	at Pages.BasePage.<init>(BasePage.java:11)
	at Elements.NavBarElement.<init>(NavBarElement.java:11)
	at Pages.BasePage.<init>(BasePage.java:11)
	at Elements.NavBarElement.<init>(NavBarElement.java:11)
	at Pages.BasePage.<init>(BasePage.java:11)
	at Elements.NavBarElement.<init>(NavBarElement.java:11)
	at Pages.BasePage.<init>(BasePage.java:11)
	at Elements.NavBarElement.<init>(NavBarElement.java:11)
	at Pages.BasePage.<init>(BasePage.java:11)
	at Elements.NavBarElement.<init>(NavBarElement.java:11)
	at Pages.BasePage.<init>(BasePage.java:11)
	at Elements.NavBarElement.<init>(NavBarElement.java:11)
	at Pages.BasePage.<init>(BasePage.java:11)
	at Elements.NavBarElement.<init>(NavBarElement.java:11)
	at Pages.BasePage.<init>(BasePage.java:11)
	at Elements.NavBarElement.<init>(NavBarElement.java:11)
	at Pages.BasePage.<init>(BasePage.java:11)
	at Elements.NavBarElement.<init>(NavBarElement.java:11)
	at Pages.BasePage.<init>(BasePage.java:11)
	at Elements.NavBarElement.<init>(NavBarElement.java:11)
	at Pages.BasePage.<init>(BasePage.java:11)
	at Elements.NavBarElement.<init>(NavBarElement.java:11)
	at Pages.BasePage.<init>(BasePage.java:11)
	at Elements.NavBarElement.<init>(NavBarElement.java:11)
	at Pages.BasePage.<init>(BasePage.java:11)
	at Elements.NavBarElement.<init>(NavBarElement.java:11)
	at Pages.BasePage.<init>(BasePage.java:11)
	at Elements.NavBarElement.<init>(NavBarElement.java:11)
	at Pages.BasePage.<init>(BasePage.java:11)
	at Elements.NavBarElement.<init>(NavBarElement.java:11)
	at Pages.BasePage.<init>(BasePage.java:11)
	at Elements.NavBarElement.<init>(NavBarElement.java:11)
	at Pages.BasePage.<init>(BasePage.java:11)
	at Elements.NavBarElement.<init>(NavBarElement.java:11)
	at Pages.BasePage.<init>(BasePage.java:11)
	at Elements.NavBarElement.<init>(NavBarElement.java:11)
	at Pages.BasePage.<init>(BasePage.java:11)
	at Elements.NavBarElement.<init>(NavBarElement.java:11)
	at Pages.BasePage.<init>(BasePage.java:11)
	at Elements.NavBarElement.<init>(NavBarElement.java:11)
	at Pages.BasePage.<init>(BasePage.java:11)
	at Elements.NavBarElement.<init>(NavBarElement.java:11)
	at Pages.BasePage.<init>(BasePage.java:11)
	at Elements.NavBarElement.<init>(NavBarElement.java:11)
	at Pages.BasePage.<init>(BasePage.java:11)
	at Elements.NavBarElement.<init>(NavBarElement.java:11)
	at Pages.BasePage.<init>(BasePage.java:11)
	at Elements.NavBarElement.<init>(NavBarElement.java:11)
	at Pages.BasePage.<init>(BasePage.java:11)
	at Elements.NavBarElement.<init>(NavBarElement.java:11)
	at Pages.BasePage.<init>(BasePage.java:11)
	at Elements.NavBarElement.<init>(NavBarElement.java:11)
	at Pages.BasePage.<init>(BasePage.java:11)
	at Elements.NavBarElement.<init>(NavBarElement.java:11)
	at Pages.BasePage.<init>(BasePage.java:11)
	at Elements.NavBarElement.<init>(NavBarElement.java:11)
	at Pages.BasePage.<init>(BasePage.java:11)
	at Elements.NavBarElement.<init>(NavBarElement.java:11)
	at Pages.BasePage.<init>(BasePage.java:11)
	at Elements.NavBarElement.<init>(NavBarElement.java:11)
	at Pages.BasePage.<init>(BasePage.java:11)
	at Elements.NavBarElement.<init>(NavBarElement.java:11)
	at Pages.BasePage.<init>(BasePage.java:11)
	at Elements.NavBarElement.<init>(NavBarElement.java:11)
	at Pages.BasePage.<init>(BasePage.java:11)
	at Elements.NavBarElement.<init>(NavBarElement.java:11)
	at Pages.BasePage.<init>(BasePage.java:11)
	at Elements.NavBarElement.<init>(NavBarElement.java:11)
	at Pages.BasePage.<init>(BasePage.java:11)
	at Elements.NavBarElement.<init>(NavBarElement.java:11)
	at Pages.BasePage.<init>(BasePage.java:11)
	at Elements.NavBarElement.<init>(NavBarElement.java:11)
	at Pages.BasePage.<init>(BasePage.java:11)
	at Elements.NavBarElement.<init>(NavBarElement.java:11)
	at Pages.BasePage.<init>(BasePage.java:11)
	at Elements.NavBarElement.<init>(NavBarElement.java:11)
	at Pages.BasePage.<init>(BasePage.java:11)
	at Elements.NavBarElement.<init>(NavBarElement.java:11)
	at Pages.BasePage.<init>(BasePage.java:11)
	at Elements.NavBarElement.<init>(NavBarElement.java:11)
	at Pages.BasePage.<init>(BasePage.java:11)
	at Elements.NavBarElement.<init>(NavBarElement.java:11)
	at Pages.BasePage.<init>(BasePage.java:11)
	at Elements.NavBarElement.<init>(NavBarElement.java:11)
	at Pages.BasePage.<init>(BasePage.java:11)
	at Elements.NavBarElement.<init>(NavBarElement.java:11)
	at Pages.BasePage.<init>(BasePage.java:11)
	at Elements.NavBarElement.<init>(NavBarElement.java:11)
	at Pages.BasePage.<init>(BasePage.java:11)
	at Elements.NavBarElement.<init>(NavBarElement.java:11)
	at Pages.BasePage.<init>(BasePage.java:11)
	at Elements.NavBarElement.<init>(NavBarElement.java:11)
	at Pages.BasePage.<init>(BasePage.java:11)
	at Elements.NavBarElement.<init>(NavBarElement.java:11)
	at Pages.BasePage.<init>(BasePage.java:11)
	at Elements.NavBarElement.<init>(NavBarElement.java:11)
	at Pages.BasePage.<init>(BasePage.java:11)
	at Elements.NavBarElement.<init>(NavBarElement.java:11)
	at Pages.BasePage.<init>(BasePage.java:11)
	at Elements.NavBarElement.<init>(NavBarElement.java:11)
	at Pages.BasePage.<init>(BasePage.java:11)
	at Elements.NavBarElement.<init>(NavBarElement.java:11)
	at Pages.BasePage.<init>(BasePage.java:11)
	at Elements.NavBarElement.<init>(NavBarElement.java:11)
	at Pages.BasePage.<init>(BasePage.java:11)
	at Elements.NavBarElement.<init>(NavBarElement.java:11)
	at Pages.BasePage.<init>(BasePage.java:11)
	at Elements.NavBarElement.<init>(NavBarElement.java:11)
	at Pages.BasePage.<init>(BasePage.java:11)
	at Elements.NavBarElement.<init>(NavBarElement.java:11)
	at Pages.BasePage.<init>(BasePage.java:11)
	at Elements.NavBarElement.<init>(NavBarElement.java:11)
	at Pages.BasePage.<init>(BasePage.java:11)
	at Elements.NavBarElement.<init>(NavBarElement.java:11)
	at Pages.BasePage.<init>(BasePage.java:11)
	at Elements.NavBarElement.<init>(NavBarElement.java:11)
	at Pages.BasePage.<init>(BasePage.java:11)
	at Elements.NavBarElement.<init>(NavBarElement.java:11)
	at Pages.BasePage.<init>(BasePage.java:11)
	at Elements.NavBarElement.<init>(NavBarElement.java:11)
	at Pages.BasePage.<init>(BasePage.java:11)
	at Elements.NavBarElement.<init>(NavBarElement.java:11)
	at Pages.BasePage.<init>(BasePage.java:11)
	at Elements.NavBarElement.<init>(NavBarElement.java:11)
	at Pages.BasePage.<init>(BasePage.java:11)
	at Elements.NavBarElement.<init>(NavBarElement.java:11)
	at Pages.BasePage.<init>(BasePage.java:11)
	at Elements.NavBarElement.<init>(NavBarElement.java:11)
	at Pages.BasePage.<init>(BasePage.java:11)
	at Elements.NavBarElement.<init>(NavBarElement.java:11)
	at Pages.BasePage.<init>(BasePage.java:11)
	at Elements.NavBarElement.<init>(NavBarElement.java:11)
	at Pages.BasePage.<init>(BasePage.java:11)
	at Elements.NavBarElement.<init>(NavBarElement.java:11)
	at Pages.BasePage.<init>(BasePage.java:11)
	at Elements.NavBarElement.<init>(NavBarElement.java:11)
	at Pages.BasePage.<init>(BasePage.java:11)
	at Elements.NavBarElement.<init>(NavBarElement.java:11)
	at Pages.BasePage.<init>(BasePage.java:11)
	at Elements.NavBarElement.<init>(NavBarElement.java:11)
	at Pages.BasePage.<init>(BasePage.java:11)
	at Elements.NavBarElement.<init>(NavBarElement.java:11)
	at Pages.BasePage.<init>(BasePage.java:11)
	at Elements.NavBarElement.<init>(NavBarElement.java:11)
	at Pages.BasePage.<init>(BasePage.java:11)
	at Elements.NavBarElement.<init>(NavBarElement.java:11)
	at Pages.BasePage.<init>(BasePage.java:11)
	at Elements.NavBarElement.<init>(NavBarElement.java:11)
	at Pages.BasePage.<init>(BasePage.java:11)
	at Elements.NavBarElement.<init>(NavBarElement.java:11)
	at Pages.BasePage.<init>(BasePage.java:11)
	at Elements.NavBarElement.<init>(NavBarElement.java:11)
	at Pages.BasePage.<init>(BasePage.java:11)

