<?xml version="1.0" encoding="UTF-8"?>
<!-- Generated by org.testng.reporters.JUnitXMLReporter -->
<testsuite ignored="0" hostname="DESKTOP-TK2PVIK" failures="1" tests="1" name="Demo" time="4.055" errors="0" timestamp="2023-08-29T12:42:38 COT">
  <testcase classname="UITests.Tests" name="AddToShoppingCart2" time="0.004">
    <failure type="java.lang.StackOverflowError">
      <![CDATA[java.lang.StackOverflowError
at Elements.NavBarElement.<init>(NavBarElement.java:11)
at Pages.BasePage.<init>(BasePage.java:11)
at Elements.NavBarElement.<init>(NavBarElement.java:11)
at Pages.BasePage.<init>(BasePage.java:11)
at Elements.NavBarElement.<init>(NavBarElement.java:11)
at Pages.BasePage.<init>(BasePage.java:11)
at Elements.NavBarElement.<init>(NavBarElement.java:11)
at Pages.BasePage.<init>(BasePage.java:11)
at Elements.NavBarElement.<init>(NavBarElement.java:11)
at Pages.BasePage.<init>(BasePage.java:11)
at Elements.NavBarElement.<init>(NavBarElement.java:11)
at Pages.BasePage.<init>(BasePage.java:11)
at Elements.NavBarElement.<init>(NavBarElement.java:11)
at Pages.BasePage.<init>(BasePage.java:11)
at Elements.NavBarElement.<init>(NavBarElement.java:11)
at Pages.BasePage.<init>(BasePage.java:11)
at Elements.NavBarElement.<init>(NavBarElement.java:11)
at Pages.BasePage.<init>(BasePage.java:11)
at Elements.NavBarElement.<init>(NavBarElement.java:11)
at Pages.BasePage.<init>(BasePage.java:11)
at Elements.NavBarElement.<init>(NavBarElement.java:11)
at Pages.BasePage.<init>(BasePage.java:11)
at Elements.NavBarElement.<init>(NavBarElement.java:11)
at Pages.BasePage.<init>(BasePage.java:11)
at Elements.NavBarElement.<init>(NavBarElement.java:11)
at Pages.BasePage.<init>(BasePage.java:11)
at Elements.NavBarElement.<init>(NavBarElement.java:11)
at Pages.BasePage.<init>(BasePage.java:11)
at Elements.NavBarElement.<init>(NavBarElement.java:11)
at Pages.BasePage.<init>(BasePage.java:11)
at Elements.NavBarElement.<init>(NavBarElement.java:11)
at Pages.BasePage.<init>(BasePage.java:11)
at Elements.NavBarElement.<init>(NavBarElement.java:11)
at Pages.BasePage.<init>(BasePage.java:11)
at Elements.NavBarElement.<init>(NavBarElement.java:11)
at Pages.BasePage.<init>(BasePage.java:11)
at Elements.NavBarElement.<init>(NavBarElement.java:11)
at Pages.BasePage.<init>(BasePage.java:11)
at Elements.NavBarElement.<init>(NavBarElement.java:11)
at Pages.BasePage.<init>(BasePage.java:11)
at Elements.NavBarElement.<init>(NavBarElement.java:11)
at Pages.BasePage.<init>(BasePage.java:11)
at Elements.NavBarElement.<init>(NavBarElement.java:11)
at Pages.BasePage.<init>(BasePage.java:11)
at Elements.NavBarElement.<init>(NavBarElement.java:11)
at Pages.BasePage.<init>(BasePage.java:11)
at Elements.NavBarElement.<init>(NavBarElement.java:11)
at Pages.BasePage.<init>(BasePage.java:11)
at Elements.NavBarElement.<init>(NavBarElement.java:11)
at Pages.BasePage.<init>(BasePage.java:11)
at Elements.NavBarElement.<init>(NavBarElement.java:11)
at Pages.BasePage.<init>(BasePage.java:11)
at Elements.NavBarElement.<init>(NavBarElement.java:11)
at Pages.BasePage.<init>(BasePage.java:11)
at Elements.NavBarElement.<init>(NavBarElement.java:11)
at Pages.BasePage.<init>(BasePage.java:11)
at Elements.NavBarElement.<init>(NavBarElement.java:11)
at Pages.BasePage.<init>(BasePage.java:11)
at Elements.NavBarElement.<init>(NavBarElement.java:11)
at Pages.BasePage.<init>(BasePage.java:11)
at Elements.NavBarElement.<init>(NavBarElement.java:11)
at Pages.BasePage.<init>(BasePage.java:11)
at Elements.NavBarElement.<init>(NavBarElement.java:11)
at Pages.BasePage.<init>(BasePage.java:11)
at Elements.NavBarElement.<init>(NavBarElement.java:11)
at Pages.BasePage.<init>(BasePage.java:11)
at Elements.NavBarElement.<init>(NavBarElement.java:11)
at Pages.BasePage.<init>(BasePage.java:11)
at Elements.NavBarElement.<init>(NavBarElement.java:11)
at Pages.BasePage.<init>(BasePage.java:11)
at Elements.NavBarElement.<init>(NavBarElement.java:11)
at Pages.BasePage.<init>(BasePage.java:11)
at Elements.NavBarElement.<init>(NavBarElement.java:11)
at Pages.BasePage.<init>(BasePage.java:11)
at Elements.NavBarElement.<init>(NavBarElement.java:11)
at Pages.BasePage.<init>(BasePage.java:11)
at Elements.NavBarElement.<init>(NavBarElement.java:11)
at Pages.BasePage.<init>(BasePage.java:11)
at Elements.NavBarElement.<init>(NavBarElement.java:11)
at Pages.BasePage.<init>(BasePage.java:11)
at Elements.NavBarElement.<init>(NavBarElement.java:11)
at Pages.BasePage.<init>(BasePage.java:11)
at Elements.NavBarElement.<init>(NavBarElement.java:11)
at Pages.BasePage.<init>(BasePage.java:11)
at Elements.NavBarElement.<init>(NavBarElement.java:11)
at Pages.BasePage.<init>(BasePage.java:11)
at Elements.NavBarElement.<init>(NavBarElement.java:11)
at Pages.BasePage.<init>(BasePage.java:11)
at Elements.NavBarElement.<init>(NavBarElement.java:11)
at Pages.BasePage.<init>(BasePage.java:11)
at Elements.NavBarElement.<init>(NavBarElement.java:11)
at Pages.BasePage.<init>(BasePage.java:11)
at Elements.NavBarElement.<init>(NavBarElement.java:11)
at Pages.BasePage.<init>(BasePage.java:11)
at Elements.NavBarElement.<init>(NavBarElement.java:11)
at Pages.BasePage.<init>(BasePage.java:11)
at Elements.NavBarElement.<init>(NavBarElement.java:11)
at Pages.BasePage.<init>(BasePage.java:11)
at Elements.NavBarElement.<init>(NavBarElement.java:11)
at Pages.BasePage.<init>(BasePage.java:11)
at Elements.NavBarElement.<init>(NavBarElement.java:11)
at Pages.BasePage.<init>(BasePage.java:11)
at Elements.NavBarElement.<init>(NavBarElement.java:11)
at Pages.BasePage.<init>(BasePage.java:11)
at Elements.NavBarElement.<init>(NavBarElement.java:11)
at Pages.BasePage.<init>(BasePage.java:11)
at Elements.NavBarElement.<init>(NavBarElement.java:11)
at Pages.BasePage.<init>(BasePage.java:11)
at Elements.NavBarElement.<init>(NavBarElement.java:11)
at Pages.BasePage.<init>(BasePage.java:11)
at Elements.NavBarElement.<init>(NavBarElement.java:11)
at Pages.BasePage.<init>(BasePage.java:11)
at Elements.NavBarElement.<init>(NavBarElement.java:11)
at Pages.BasePage.<init>(BasePage.java:11)
at Elements.NavBarElement.<init>(NavBarElement.java:11)
at Pages.BasePage.<init>(BasePage.java:11)
at Elements.NavBarElement.<init>(NavBarElement.java:11)
at Pages.BasePage.<init>(BasePage.java:11)
at Elements.NavBarElement.<init>(NavBarElement.java:11)
at Pages.BasePage.<init>(BasePage.java:11)
at Elements.NavBarElement.<init>(NavBarElement.java:11)
at Pages.BasePage.<init>(BasePage.java:11)
at Elements.NavBarElement.<init>(NavBarElement.java:11)
at Pages.BasePage.<init>(BasePage.java:11)
at Elements.NavBarElement.<init>(NavBarElement.java:11)
at Pages.BasePage.<init>(BasePage.java:11)
at Elements.NavBarElement.<init>(NavBarElement.java:11)
at Pages.BasePage.<init>(BasePage.java:11)
at Elements.NavBarElement.<init>(NavBarElement.java:11)
at Pages.BasePage.<init>(BasePage.java:11)
at Elements.NavBarElement.<init>(NavBarElement.java:11)
at Pages.BasePage.<init>(BasePage.java:11)
at Elements.NavBarElement.<init>(NavBarElement.java:11)
at Pages.BasePage.<init>(BasePage.java:11)
at Elements.NavBarElement.<init>(NavBarElement.java:11)
at Pages.BasePage.<init>(BasePage.java:11)
at Elements.NavBarElement.<init>(NavBarElement.java:11)
at Pages.BasePage.<init>(BasePage.java:11)
at Elements.NavBarElement.<init>(NavBarElement.java:11)
at Pages.BasePage.<init>(BasePage.java:11)
at Elements.NavBarElement.<init>(NavBarElement.java:11)
at Pages.BasePage.<init>(BasePage.java:11)
at Elements.NavBarElement.<init>(NavBarElement.java:11)
at Pages.BasePage.<init>(BasePage.java:11)
at Elements.NavBarElement.<init>(NavBarElement.java:11)
at Pages.BasePage.<init>(BasePage.java:11)
at Elements.NavBarElement.<init>(NavBarElement.java:11)
at Pages.BasePage.<init>(BasePage.java:11)
at Elements.NavBarElement.<init>(NavBarElement.java:11)
at Pages.BasePage.<init>(BasePage.java:11)
at Elements.NavBarElement.<init>(NavBarElement.java:11)
at Pages.BasePage.<init>(BasePage.java:11)
at Elements.NavBarElement.<init>(NavBarElement.java:11)
at Pages.BasePage.<init>(BasePage.java:11)
at Elements.NavBarElement.<init>(NavBarElement.java:11)
at Pages.BasePage.<init>(BasePage.java:11)
at Elements.NavBarElement.<init>(NavBarElement.java:11)
at Pages.BasePage.<init>(BasePage.java:11)
at Elements.NavBarElement.<init>(NavBarElement.java:11)
at Pages.BasePage.<init>(BasePage.java:11)
at Elements.NavBarElement.<init>(NavBarElement.java:11)
at Pages.BasePage.<init>(BasePage.java:11)
at Elements.NavBarElement.<init>(NavBarElement.java:11)
at Pages.BasePage.<init>(BasePage.java:11)
at Elements.NavBarElement.<init>(NavBarElement.java:11)
at Pages.BasePage.<init>(BasePage.java:11)
at Elements.NavBarElement.<init>(NavBarElement.java:11)
at Pages.BasePage.<init>(BasePage.java:11)
at Elements.NavBarElement.<init>(NavBarElement.java:11)
at Pages.BasePage.<init>(BasePage.java:11)
at Elements.NavBarElement.<init>(NavBarElement.java:11)
at Pages.BasePage.<init>(BasePage.java:11)
at Elements.NavBarElement.<init>(NavBarElement.java:11)
at Pages.BasePage.<init>(BasePage.java:11)
at Elements.NavBarElement.<init>(NavBarElement.java:11)
at Pages.BasePage.<init>(BasePage.java:11)
at Elements.NavBarElement.<init>(NavBarElement.java:11)
at Pages.BasePage.<init>(BasePage.java:11)
at Elements.NavBarElement.<init>(NavBarElement.java:11)
at Pages.BasePage.<init>(BasePage.java:11)
at Elements.NavBarElement.<init>(NavBarElement.java:11)
at Pages.BasePage.<init>(BasePage.java:11)
at Elements.NavBarElement.<init>(NavBarElement.java:11)
at Pages.BasePage.<init>(BasePage.java:11)
at Elements.NavBarElement.<init>(NavBarElement.java:11)
at Pages.BasePage.<init>(BasePage.java:11)
at Elements.NavBarElement.<init>(NavBarElement.java:11)
at Pages.BasePage.<init>(BasePage.java:11)
at Elements.NavBarElement.<init>(NavBarElement.java:11)
at Pages.BasePage.<init>(BasePage.java:11)
at Elements.NavBarElement.<init>(NavBarElement.java:11)
at Pages.BasePage.<init>(BasePage.java:11)
at Elements.NavBarElement.<init>(NavBarElement.java:11)
at Pages.BasePage.<init>(BasePage.java:11)
at Elements.NavBarElement.<init>(NavBarElement.java:11)
at Pages.BasePage.<init>(BasePage.java:11)
at Elements.NavBarElement.<init>(NavBarElement.java:11)
at Pages.BasePage.<init>(BasePage.java:11)
at Elements.NavBarElement.<init>(NavBarElement.java:11)
at Pages.BasePage.<init>(BasePage.java:11)
at Elements.NavBarElement.<init>(NavBarElement.java:11)
at Pages.BasePage.<init>(BasePage.java:11)
at Elements.NavBarElement.<init>(NavBarElement.java:11)
at Pages.BasePage.<init>(BasePage.java:11)
at Elements.NavBarElement.<init>(NavBarElement.java:11)
at Pages.BasePage.<init>(BasePage.java:11)
at Elements.NavBarElement.<init>(NavBarElement.java:11)
at Pages.BasePage.<init>(BasePage.java:11)
at Elements.NavBarElement.<init>(NavBarElement.java:11)
at Pages.BasePage.<init>(BasePage.java:11)
at Elements.NavBarElement.<init>(NavBarElement.java:11)
at Pages.BasePage.<init>(BasePage.java:11)
at Elements.NavBarElement.<init>(NavBarElement.java:11)
at Pages.BasePage.<init>(BasePage.java:11)
at Elements.NavBarElement.<init>(NavBarElement.java:11)
at Pages.BasePage.<init>(BasePage.java:11)
at Elements.NavBarElement.<init>(NavBarElement.java:11)
at Pages.BasePage.<init>(BasePage.java:11)
at Elements.NavBarElement.<init>(NavBarElement.java:11)
at Pages.BasePage.<init>(BasePage.java:11)
at Elements.NavBarElement.<init>(NavBarElement.java:11)
at Pages.BasePage.<init>(BasePage.java:11)
at Elements.NavBarElement.<init>(NavBarElement.java:11)
at Pages.BasePage.<init>(BasePage.java:11)
at Elements.NavBarElement.<init>(NavBarElement.java:11)
at Pages.BasePage.<init>(BasePage.java:11)
at Elements.NavBarElement.<init>(NavBarElement.java:11)
at Pages.BasePage.<init>(BasePage.java:11)
at Elements.NavBarElement.<init>(NavBarElement.java:11)
at Pages.BasePage.<init>(BasePage.java:11)
at Elements.NavBarElement.<init>(NavBarElement.java:11)
at Pages.BasePage.<init>(BasePage.java:11)
at Elements.NavBarElement.<init>(NavBarElement.java:11)
at Pages.BasePage.<init>(BasePage.java:11)
at Elements.NavBarElement.<init>(NavBarElement.java:11)
at Pages.BasePage.<init>(BasePage.java:11)
at Elements.NavBarElement.<init>(NavBarElement.java:11)
at Pages.BasePage.<init>(BasePage.java:11)
at Elements.NavBarElement.<init>(NavBarElement.java:11)
at Pages.BasePage.<init>(BasePage.java:11)
at Elements.NavBarElement.<init>(NavBarElement.java:11)
at Pages.BasePage.<init>(BasePage.java:11)
at Elements.NavBarElement.<init>(NavBarElement.java:11)
at Pages.BasePage.<init>(BasePage.java:11)
at Elements.NavBarElement.<init>(NavBarElement.java:11)
at Pages.BasePage.<init>(BasePage.java:11)
at Elements.NavBarElement.<init>(NavBarElement.java:11)
at Pages.BasePage.<init>(BasePage.java:11)
at Elements.NavBarElement.<init>(NavBarElement.java:11)
at Pages.BasePage.<init>(BasePage.java:11)
at Elements.NavBarElement.<init>(NavBarElement.java:11)
at Pages.BasePage.<init>(BasePage.java:11)
at Elements.NavBarElement.<init>(NavBarElement.java:11)
at Pages.BasePage.<init>(BasePage.java:11)
at Elements.NavBarElement.<init>(NavBarElement.java:11)
at Pages.BasePage.<init>(BasePage.java:11)
at Elements.NavBarElement.<init>(NavBarElement.java:11)
at Pages.BasePage.<init>(BasePage.java:11)
at Elements.NavBarElement.<init>(NavBarElement.java:11)
at Pages.BasePage.<init>(BasePage.java:11)
at Elements.NavBarElement.<init>(NavBarElement.java:11)
at Pages.BasePage.<init>(BasePage.java:11)
at Elements.NavBarElement.<init>(NavBarElement.java:11)
at Pages.BasePage.<init>(BasePage.java:11)
at Elements.NavBarElement.<init>(NavBarElement.java:11)
at Pages.BasePage.<init>(BasePage.java:11)
at Elements.NavBarElement.<init>(NavBarElement.java:11)
at Pages.BasePage.<init>(BasePage.java:11)
at Elements.NavBarElement.<init>(NavBarElement.java:11)
at Pages.BasePage.<init>(BasePage.java:11)
at Elements.NavBarElement.<init>(NavBarElement.java:11)
at Pages.BasePage.<init>(BasePage.java:11)
at Elements.NavBarElement.<init>(NavBarElement.java:11)
at Pages.BasePage.<init>(BasePage.java:11)
at Elements.NavBarElement.<init>(NavBarElement.java:11)
at Pages.BasePage.<init>(BasePage.java:11)
at Elements.NavBarElement.<init>(NavBarElement.java:11)
at Pages.BasePage.<init>(BasePage.java:11)
at Elements.NavBarElement.<init>(NavBarElement.java:11)
at Pages.BasePage.<init>(BasePage.java:11)
at Elements.NavBarElement.<init>(NavBarElement.java:11)
at Pages.BasePage.<init>(BasePage.java:11)
at Elements.NavBarElement.<init>(NavBarElement.java:11)
at Pages.BasePage.<init>(BasePage.java:11)
at Elements.NavBarElement.<init>(NavBarElement.java:11)
at Pages.BasePage.<init>(BasePage.java:11)
at Elements.NavBarElement.<init>(NavBarElement.java:11)
at Pages.BasePage.<init>(BasePage.java:11)
at Elements.NavBarElement.<init>(NavBarElement.java:11)
at Pages.BasePage.<init>(BasePage.java:11)
at Elements.NavBarElement.<init>(NavBarElement.java:11)
at Pages.BasePage.<init>(BasePage.java:11)
at Elements.NavBarElement.<init>(NavBarElement.java:11)
at Pages.BasePage.<init>(BasePage.java:11)
at Elements.NavBarElement.<init>(NavBarElement.java:11)
at Pages.BasePage.<init>(BasePage.java:11)
at Elements.NavBarElement.<init>(NavBarElement.java:11)
at Pages.BasePage.<init>(BasePage.java:11)
at Elements.NavBarElement.<init>(NavBarElement.java:11)
at Pages.BasePage.<init>(BasePage.java:11)
at Elements.NavBarElement.<init>(NavBarElement.java:11)
at Pages.BasePage.<init>(BasePage.java:11)
at Elements.NavBarElement.<init>(NavBarElement.java:11)
at Pages.BasePage.<init>(BasePage.java:11)
at Elements.NavBarElement.<init>(NavBarElement.java:11)
at Pages.BasePage.<init>(BasePage.java:11)
at Elements.NavBarElement.<init>(NavBarElement.java:11)
at Pages.BasePage.<init>(BasePage.java:11)
at Elements.NavBarElement.<init>(NavBarElement.java:11)
at Pages.BasePage.<init>(BasePage.java:11)
at Elements.NavBarElement.<init>(NavBarElement.java:11)
at Pages.BasePage.<init>(BasePage.java:11)
at Elements.NavBarElement.<init>(NavBarElement.java:11)
at Pages.BasePage.<init>(BasePage.java:11)
at Elements.NavBarElement.<init>(NavBarElement.java:11)
at Pages.BasePage.<init>(BasePage.java:11)
at Elements.NavBarElement.<init>(NavBarElement.java:11)
at Pages.BasePage.<init>(BasePage.java:11)
at Elements.NavBarElement.<init>(NavBarElement.java:11)
at Pages.BasePage.<init>(BasePage.java:11)
at Elements.NavBarElement.<init>(NavBarElement.java:11)
at Pages.BasePage.<init>(BasePage.java:11)
at Elements.NavBarElement.<init>(NavBarElement.java:11)
at Pages.BasePage.<init>(BasePage.java:11)
at Elements.NavBarElement.<init>(NavBarElement.java:11)
at Pages.BasePage.<init>(BasePage.java:11)
at Elements.NavBarElement.<init>(NavBarElement.java:11)
at Pages.BasePage.<init>(BasePage.java:11)
at Elements.NavBarElement.<init>(NavBarElement.java:11)
at Pages.BasePage.<init>(BasePage.java:11)
at Elements.NavBarElement.<init>(NavBarElement.java:11)
at Pages.BasePage.<init>(BasePage.java:11)
at Elements.NavBarElement.<init>(NavBarElement.java:11)
at Pages.BasePage.<init>(BasePage.java:11)
at Elements.NavBarElement.<init>(NavBarElement.java:11)
at Pages.BasePage.<init>(BasePage.java:11)
at Elements.NavBarElement.<init>(NavBarElement.java:11)
at Pages.BasePage.<init>(BasePage.java:11)
at Elements.NavBarElement.<init>(NavBarElement.java:11)
at Pages.BasePage.<init>(BasePage.java:11)
at Elements.NavBarElement.<init>(NavBarElement.java:11)
at Pages.BasePage.<init>(BasePage.java:11)
at Elements.NavBarElement.<init>(NavBarElement.java:11)
at Pages.BasePage.<init>(BasePage.java:11)
at Elements.NavBarElement.<init>(NavBarElement.java:11)
at Pages.BasePage.<init>(BasePage.java:11)
at Elements.NavBarElement.<init>(NavBarElement.java:11)
at Pages.BasePage.<init>(BasePage.java:11)
at Elements.NavBarElement.<init>(NavBarElement.java:11)
at Pages.BasePage.<init>(BasePage.java:11)
at Elements.NavBarElement.<init>(NavBarElement.java:11)
at Pages.BasePage.<init>(BasePage.java:11)
at Elements.NavBarElement.<init>(NavBarElement.java:11)
at Pages.BasePage.<init>(BasePage.java:11)
at Elements.NavBarElement.<init>(NavBarElement.java:11)
at Pages.BasePage.<init>(BasePage.java:11)
at Elements.NavBarElement.<init>(NavBarElement.java:11)
at Pages.BasePage.<init>(BasePage.java:11)
at Elements.NavBarElement.<init>(NavBarElement.java:11)
at Pages.BasePage.<init>(BasePage.java:11)
at Elements.NavBarElement.<init>(NavBarElement.java:11)
at Pages.BasePage.<init>(BasePage.java:11)
at Elements.NavBarElement.<init>(NavBarElement.java:11)
at Pages.BasePage.<init>(BasePage.java:11)
at Elements.NavBarElement.<init>(NavBarElement.java:11)
at Pages.BasePage.<init>(BasePage.java:11)
at Elements.NavBarElement.<init>(NavBarElement.java:11)
at Pages.BasePage.<init>(BasePage.java:11)
at Elements.NavBarElement.<init>(NavBarElement.java:11)
at Pages.BasePage.<init>(BasePage.java:11)
at Elements.NavBarElement.<init>(NavBarElement.java:11)
at Pages.BasePage.<init>(BasePage.java:11)
at Elements.NavBarElement.<init>(NavBarElement.java:11)
at Pages.BasePage.<init>(BasePage.java:11)
at Elements.NavBarElement.<init>(NavBarElement.java:11)
at Pages.BasePage.<init>(BasePage.java:11)
at Elements.NavBarElement.<init>(NavBarElement.java:11)
at Pages.BasePage.<init>(BasePage.java:11)
at Elements.NavBarElement.<init>(NavBarElement.java:11)
at Pages.BasePage.<init>(BasePage.java:11)
at Elements.NavBarElement.<init>(NavBarElement.java:11)
at Pages.BasePage.<init>(BasePage.java:11)
at Elements.NavBarElement.<init>(NavBarElement.java:11)
at Pages.BasePage.<init>(BasePage.java:11)
at Elements.NavBarElement.<init>(NavBarElement.java:11)
at Pages.BasePage.<init>(BasePage.java:11)
at Elements.NavBarElement.<init>(NavBarElement.java:11)
at Pages.BasePage.<init>(BasePage.java:11)
at Elements.NavBarElement.<init>(NavBarElement.java:11)
at Pages.BasePage.<init>(BasePage.java:11)
at Elements.NavBarElement.<init>(NavBarElement.java:11)
at Pages.BasePage.<init>(BasePage.java:11)
at Elements.NavBarElement.<init>(NavBarElement.java:11)
at Pages.BasePage.<init>(BasePage.java:11)
at Elements.NavBarElement.<init>(NavBarElement.java:11)
at Pages.BasePage.<init>(BasePage.java:11)
at Elements.NavBarElement.<init>(NavBarElement.java:11)
at Pages.BasePage.<init>(BasePage.java:11)
at Elements.NavBarElement.<init>(NavBarElement.java:11)
at Pages.BasePage.<init>(BasePage.java:11)
at Elements.NavBarElement.<init>(NavBarElement.java:11)
at Pages.BasePage.<init>(BasePage.java:11)
at Elements.NavBarElement.<init>(NavBarElement.java:11)
at Pages.BasePage.<init>(BasePage.java:11)
at Elements.NavBarElement.<init>(NavBarElement.java:11)
at Pages.BasePage.<init>(BasePage.java:11)
at Elements.NavBarElement.<init>(NavBarElement.java:11)
at Pages.BasePage.<init>(BasePage.java:11)
at Elements.NavBarElement.<init>(NavBarElement.java:11)
at Pages.BasePage.<init>(BasePage.java:11)
at Elements.NavBarElement.<init>(NavBarElement.java:11)
at Pages.BasePage.<init>(BasePage.java:11)
at Elements.NavBarElement.<init>(NavBarElement.java:11)
at Pages.BasePage.<init>(BasePage.java:11)
at Elements.NavBarElement.<init>(NavBarElement.java:11)
at Pages.BasePage.<init>(BasePage.java:11)
at Elements.NavBarElement.<init>(NavBarElement.java:11)
at Pages.BasePage.<init>(BasePage.java:11)
at Elements.NavBarElement.<init>(NavBarElement.java:11)
at Pages.BasePage.<init>(BasePage.java:11)
at Elements.NavBarElement.<init>(NavBarElement.java:11)
at Pages.BasePage.<init>(BasePage.java:11)
at Elements.NavBarElement.<init>(NavBarElement.java:11)
at Pages.BasePage.<init>(BasePage.java:11)
at Elements.NavBarElement.<init>(NavBarElement.java:11)
at Pages.BasePage.<init>(BasePage.java:11)
at Elements.NavBarElement.<init>(NavBarElement.java:11)
at Pages.BasePage.<init>(BasePage.java:11)
at Elements.NavBarElement.<init>(NavBarElement.java:11)
at Pages.BasePage.<init>(BasePage.java:11)
at Elements.NavBarElement.<init>(NavBarElement.java:11)
at Pages.BasePage.<init>(BasePage.java:11)
at Elements.NavBarElement.<init>(NavBarElement.java:11)
at Pages.BasePage.<init>(BasePage.java:11)
at Elements.NavBarElement.<init>(NavBarElement.java:11)
at Pages.BasePage.<init>(BasePage.java:11)
at Elements.NavBarElement.<init>(NavBarElement.java:11)
at Pages.BasePage.<init>(BasePage.java:11)
at Elements.NavBarElement.<init>(NavBarElement.java:11)
at Pages.BasePage.<init>(BasePage.java:11)
at Elements.NavBarElement.<init>(NavBarElement.java:11)
at Pages.BasePage.<init>(BasePage.java:11)
at Elements.NavBarElement.<init>(NavBarElement.java:11)
at Pages.BasePage.<init>(BasePage.java:11)
at Elements.NavBarElement.<init>(NavBarElement.java:11)
at Pages.BasePage.<init>(BasePage.java:11)
at Elements.NavBarElement.<init>(NavBarElement.java:11)
at Pages.BasePage.<init>(BasePage.java:11)
at Elements.NavBarElement.<init>(NavBarElement.java:11)
at Pages.BasePage.<init>(BasePage.java:11)
at Elements.NavBarElement.<init>(NavBarElement.java:11)
at Pages.BasePage.<init>(BasePage.java:11)
at Elements.NavBarElement.<init>(NavBarElement.java:11)
at Pages.BasePage.<init>(BasePage.java:11)
at Elements.NavBarElement.<init>(NavBarElement.java:11)
at Pages.BasePage.<init>(BasePage.java:11)
at Elements.NavBarElement.<init>(NavBarElement.java:11)
at Pages.BasePage.<init>(BasePage.java:11)
at Elements.NavBarElement.<init>(NavBarElement.java:11)
at Pages.BasePage.<init>(BasePage.java:11)
at Elements.NavBarElement.<init>(NavBarElement.java:11)
at Pages.BasePage.<init>(BasePage.java:11)
at Elements.NavBarElement.<init>(NavBarElement.java:11)
at Pages.BasePage.<init>(BasePage.java:11)
at Elements.NavBarElement.<init>(NavBarElement.java:11)
at Pages.BasePage.<init>(BasePage.java:11)
at Elements.NavBarElement.<init>(NavBarElement.java:11)
at Pages.BasePage.<init>(BasePage.java:11)
at Elements.NavBarElement.<init>(NavBarElement.java:11)
at Pages.BasePage.<init>(BasePage.java:11)
at Elements.NavBarElement.<init>(NavBarElement.java:11)
at Pages.BasePage.<init>(BasePage.java:11)
at Elements.NavBarElement.<init>(NavBarElement.java:11)
at Pages.BasePage.<init>(BasePage.java:11)
at Elements.NavBarElement.<init>(NavBarElement.java:11)
at Pages.BasePage.<init>(BasePage.java:11)
at Elements.NavBarElement.<init>(NavBarElement.java:11)
at Pages.BasePage.<init>(BasePage.java:11)
at Elements.NavBarElement.<init>(NavBarElement.java:11)
at Pages.BasePage.<init>(BasePage.java:11)
at Elements.NavBarElement.<init>(NavBarElement.java:11)
at Pages.BasePage.<init>(BasePage.java:11)
at Elements.NavBarElement.<init>(NavBarElement.java:11)
at Pages.BasePage.<init>(BasePage.java:11)
at Elements.NavBarElement.<init>(NavBarElement.java:11)
at Pages.BasePage.<init>(BasePage.java:11)
at Elements.NavBarElement.<init>(NavBarElement.java:11)
at Pages.BasePage.<init>(BasePage.java:11)
at Elements.NavBarElement.<init>(NavBarElement.java:11)
at Pages.BasePage.<init>(BasePage.java:11)
at Elements.NavBarElement.<init>(NavBarElement.java:11)
at Pages.BasePage.<init>(BasePage.java:11)
at Elements.NavBarElement.<init>(NavBarElement.java:11)
at Pages.BasePage.<init>(BasePage.java:11)
at Elements.NavBarElement.<init>(NavBarElement.java:11)
at Pages.BasePage.<init>(BasePage.java:11)
at Elements.NavBarElement.<init>(NavBarElement.java:11)
at Pages.BasePage.<init>(BasePage.java:11)
at Elements.NavBarElement.<init>(NavBarElement.java:11)
at Pages.BasePage.<init>(BasePage.java:11)
at Elements.NavBarElement.<init>(NavBarElement.java:11)
at Pages.BasePage.<init>(BasePage.java:11)
at Elements.NavBarElement.<init>(NavBarElement.java:11)
at Pages.BasePage.<init>(BasePage.java:11)
at Elements.NavBarElement.<init>(NavBarElement.java:11)
at Pages.BasePage.<init>(BasePage.java:11)
at Elements.NavBarElement.<init>(NavBarElement.java:11)
at Pages.BasePage.<init>(BasePage.java:11)
at Elements.NavBarElement.<init>(NavBarElement.java:11)
at Pages.BasePage.<init>(BasePage.java:11)
at Elements.NavBarElement.<init>(NavBarElement.java:11)
at Pages.BasePage.<init>(BasePage.java:11)
at Elements.NavBarElement.<init>(NavBarElement.java:11)
at Pages.BasePage.<init>(BasePage.java:11)
at Elements.NavBarElement.<init>(NavBarElement.java:11)
at Pages.BasePage.<init>(BasePage.java:11)
at Elements.NavBarElement.<init>(NavBarElement.java:11)
at Pages.BasePage.<init>(BasePage.java:11)
at Elements.NavBarElement.<init>(NavBarElement.java:11)
at Pages.BasePage.<init>(BasePage.java:11)
at Elements.NavBarElement.<init>(NavBarElement.java:11)
at Pages.BasePage.<init>(BasePage.java:11)
at Elements.NavBarElement.<init>(NavBarElement.java:11)
at Pages.BasePage.<init>(BasePage.java:11)
at Elements.NavBarElement.<init>(NavBarElement.java:11)
at Pages.BasePage.<init>(BasePage.java:11)
at Elements.NavBarElement.<init>(NavBarElement.java:11)
at Pages.BasePage.<init>(BasePage.java:11)
at Elements.NavBarElement.<init>(NavBarElement.java:11)
at Pages.BasePage.<init>(BasePage.java:11)
at Elements.NavBarElement.<init>(NavBarElement.java:11)
at Pages.BasePage.<init>(BasePage.java:11)
at Elements.NavBarElement.<init>(NavBarElement.java:11)
at Pages.BasePage.<init>(BasePage.java:11)
at Elements.NavBarElement.<init>(NavBarElement.java:11)
at Pages.BasePage.<init>(BasePage.java:11)
at Elements.NavBarElement.<init>(NavBarElement.java:11)
at Pages.BasePage.<init>(BasePage.java:11)
at Elements.NavBarElement.<init>(NavBarElement.java:11)
at Pages.BasePage.<init>(BasePage.java:11)
at Elements.NavBarElement.<init>(NavBarElement.java:11)
at Pages.BasePage.<init>(BasePage.java:11)
at Elements.NavBarElement.<init>(NavBarElement.java:11)
at Pages.BasePage.<init>(BasePage.java:11)
at Elements.NavBarElement.<init>(NavBarElement.java:11)
at Pages.BasePage.<init>(BasePage.java:11)
at Elements.NavBarElement.<init>(NavBarElement.java:11)
at Pages.BasePage.<init>(BasePage.java:11)
at Elements.NavBarElement.<init>(NavBarElement.java:11)
at Pages.BasePage.<init>(BasePage.java:11)
at Elements.NavBarElement.<init>(NavBarElement.java:11)
at Pages.BasePage.<init>(BasePage.java:11)
at Elements.NavBarElement.<init>(NavBarElement.java:11)
at Pages.BasePage.<init>(BasePage.java:11)
at Elements.NavBarElement.<init>(NavBarElement.java:11)
at Pages.BasePage.<init>(BasePage.java:11)
at Elements.NavBarElement.<init>(NavBarElement.java:11)
at Pages.BasePage.<init>(BasePage.java:11)
at Elements.NavBarElement.<init>(NavBarElement.java:11)
at Pages.BasePage.<init>(BasePage.java:11)
at Elements.NavBarElement.<init>(NavBarElement.java:11)
at Pages.BasePage.<init>(BasePage.java:11)
at Elements.NavBarElement.<init>(NavBarElement.java:11)
at Pages.BasePage.<init>(BasePage.java:11)
at Elements.NavBarElement.<init>(NavBarElement.java:11)
at Pages.BasePage.<init>(BasePage.java:11)
at Elements.NavBarElement.<init>(NavBarElement.java:11)
at Pages.BasePage.<init>(BasePage.java:11)
at Elements.NavBarElement.<init>(NavBarElement.java:11)
at Pages.BasePage.<init>(BasePage.java:11)
at Elements.NavBarElement.<init>(NavBarElement.java:11)
at Pages.BasePage.<init>(BasePage.java:11)
at Elements.NavBarElement.<init>(NavBarElement.java:11)
at Pages.BasePage.<init>(BasePage.java:11)
at Elements.NavBarElement.<init>(NavBarElement.java:11)
at Pages.BasePage.<init>(BasePage.java:11)
at Elements.NavBarElement.<init>(NavBarElement.java:11)
at Pages.BasePage.<init>(BasePage.java:11)
at Elements.NavBarElement.<init>(NavBarElement.java:11)
at Pages.BasePage.<init>(BasePage.java:11)
at Elements.NavBarElement.<init>(NavBarElement.java:11)
at Pages.BasePage.<init>(BasePage.java:11)
at Elements.NavBarElement.<init>(NavBarElement.java:11)
at Pages.BasePage.<init>(BasePage.java:11)
at Elements.NavBarElement.<init>(NavBarElement.java:11)
at Pages.BasePage.<init>(BasePage.java:11)
at Elements.NavBarElement.<init>(NavBarElement.java:11)
at Pages.BasePage.<init>(BasePage.java:11)
at Elements.NavBarElement.<init>(NavBarElement.java:11)
at Pages.BasePage.<init>(BasePage.java:11)
at Elements.NavBarElement.<init>(NavBarElement.java:11)
at Pages.BasePage.<init>(BasePage.java:11)
at Elements.NavBarElement.<init>(NavBarElement.java:11)
at Pages.BasePage.<init>(BasePage.java:11)
at Elements.NavBarElement.<init>(NavBarElement.java:11)
at Pages.BasePage.<init>(BasePage.java:11)
at Elements.NavBarElement.<init>(NavBarElement.java:11)
at Pages.BasePage.<init>(BasePage.java:11)
at Elements.NavBarElement.<init>(NavBarElement.java:11)
at Pages.BasePage.<init>(BasePage.java:11)
at Elements.NavBarElement.<init>(NavBarElement.java:11)
at Pages.BasePage.<init>(BasePage.java:11)
at Elements.NavBarElement.<init>(NavBarElement.java:11)
at Pages.BasePage.<init>(BasePage.java:11)
at Elements.NavBarElement.<init>(NavBarElement.java:11)
at Pages.BasePage.<init>(BasePage.java:11)
at Elements.NavBarElement.<init>(NavBarElement.java:11)
at Pages.BasePage.<init>(BasePage.java:11)
at Elements.NavBarElement.<init>(NavBarElement.java:11)
at Pages.BasePage.<init>(BasePage.java:11)
at Elements.NavBarElement.<init>(NavBarElement.java:11)
at Pages.BasePage.<init>(BasePage.java:11)
at Elements.NavBarElement.<init>(NavBarElement.java:11)
at Pages.BasePage.<init>(BasePage.java:11)
at Elements.NavBarElement.<init>(NavBarElement.java:11)
at Pages.BasePage.<init>(BasePage.java:11)
at Elements.NavBarElement.<init>(NavBarElement.java:11)
at Pages.BasePage.<init>(BasePage.java:11)
at Elements.NavBarElement.<init>(NavBarElement.java:11)
at Pages.BasePage.<init>(BasePage.java:11)
at Elements.NavBarElement.<init>(NavBarElement.java:11)
at Pages.BasePage.<init>(BasePage.java:11)
at Elements.NavBarElement.<init>(NavBarElement.java:11)
at Pages.BasePage.<init>(BasePage.java:11)
at Elements.NavBarElement.<init>(NavBarElement.java:11)
at Pages.BasePage.<init>(BasePage.java:11)
at Elements.NavBarElement.<init>(NavBarElement.java:11)
at Pages.BasePage.<init>(BasePage.java:11)
at Elements.NavBarElement.<init>(NavBarElement.java:11)
at Pages.BasePage.<init>(BasePage.java:11)
at Elements.NavBarElement.<init>(NavBarElement.java:11)
at Pages.BasePage.<init>(BasePage.java:11)
at Elements.NavBarElement.<init>(NavBarElement.java:11)
at Pages.BasePage.<init>(BasePage.java:11)
at Elements.NavBarElement.<init>(NavBarElement.java:11)
at Pages.BasePage.<init>(BasePage.java:11)
at Elements.NavBarElement.<init>(NavBarElement.java:11)
at Pages.BasePage.<init>(BasePage.java:11)
at Elements.NavBarElement.<init>(NavBarElement.java:11)
at Pages.BasePage.<init>(BasePage.java:11)
at Elements.NavBarElement.<init>(NavBarElement.java:11)
at Pages.BasePage.<init>(BasePage.java:11)
at Elements.NavBarElement.<init>(NavBarElement.java:11)
at Pages.BasePage.<init>(BasePage.java:11)
at Elements.NavBarElement.<init>(NavBarElement.java:11)
at Pages.BasePage.<init>(BasePage.java:11)
at Elements.NavBarElement.<init>(NavBarElement.java:11)
at Pages.BasePage.<init>(BasePage.java:11)
at Elements.NavBarElement.<init>(NavBarElement.java:11)
at Pages.BasePage.<init>(BasePage.java:11)
at Elements.NavBarElement.<init>(NavBarElement.java:11)
at Pages.BasePage.<init>(BasePage.java:11)
at Elements.NavBarElement.<init>(NavBarElement.java:11)
at Pages.BasePage.<init>(BasePage.java:11)
at Elements.NavBarElement.<init>(NavBarElement.java:11)
at Pages.BasePage.<init>(BasePage.java:11)
at Elements.NavBarElement.<init>(NavBarElement.java:11)
at Pages.BasePage.<init>(BasePage.java:11)
at Elements.NavBarElement.<init>(NavBarElement.java:11)
at Pages.BasePage.<init>(BasePage.java:11)
at Elements.NavBarElement.<init>(NavBarElement.java:11)
at Pages.BasePage.<init>(BasePage.java:11)
at Elements.NavBarElement.<init>(NavBarElement.java:11)
at Pages.BasePage.<init>(BasePage.java:11)
at Elements.NavBarElement.<init>(NavBarElement.java:11)
at Pages.BasePage.<init>(BasePage.java:11)
at Elements.NavBarElement.<init>(NavBarElement.java:11)
at Pages.BasePage.<init>(BasePage.java:11)
at Elements.NavBarElement.<init>(NavBarElement.java:11)
at Pages.BasePage.<init>(BasePage.java:11)
at Elements.NavBarElement.<init>(NavBarElement.java:11)
at Pages.BasePage.<init>(BasePage.java:11)
at Elements.NavBarElement.<init>(NavBarElement.java:11)
at Pages.BasePage.<init>(BasePage.java:11)
at Elements.NavBarElement.<init>(NavBarElement.java:11)
at Pages.BasePage.<init>(BasePage.java:11)
at Elements.NavBarElement.<init>(NavBarElement.java:11)
at Pages.BasePage.<init>(BasePage.java:11)
at Elements.NavBarElement.<init>(NavBarElement.java:11)
at Pages.BasePage.<init>(BasePage.java:11)
at Elements.NavBarElement.<init>(NavBarElement.java:11)
at Pages.BasePage.<init>(BasePage.java:11)
at Elements.NavBarElement.<init>(NavBarElement.java:11)
at Pages.BasePage.<init>(BasePage.java:11)
at Elements.NavBarElement.<init>(NavBarElement.java:11)
at Pages.BasePage.<init>(BasePage.java:11)
at Elements.NavBarElement.<init>(NavBarElement.java:11)
at Pages.BasePage.<init>(BasePage.java:11)
at Elements.NavBarElement.<init>(NavBarElement.java:11)
at Pages.BasePage.<init>(BasePage.java:11)
at Elements.NavBarElement.<init>(NavBarElement.java:11)
at Pages.BasePage.<init>(BasePage.java:11)
at Elements.NavBarElement.<init>(NavBarElement.java:11)
at Pages.BasePage.<init>(BasePage.java:11)
at Elements.NavBarElement.<init>(NavBarElement.java:11)
at Pages.BasePage.<init>(BasePage.java:11)
at Elements.NavBarElement.<init>(NavBarElement.java:11)
at Pages.BasePage.<init>(BasePage.java:11)
at Elements.NavBarElement.<init>(NavBarElement.java:11)
at Pages.BasePage.<init>(BasePage.java:11)
at Elements.NavBarElement.<init>(NavBarElement.java:11)
at Pages.BasePage.<init>(BasePage.java:11)
at Elements.NavBarElement.<init>(NavBarElement.java:11)
at Pages.BasePage.<init>(BasePage.java:11)
at Elements.NavBarElement.<init>(NavBarElement.java:11)
at Pages.BasePage.<init>(BasePage.java:11)
at Elements.NavBarElement.<init>(NavBarElement.java:11)
at Pages.BasePage.<init>(BasePage.java:11)
at Elements.NavBarElement.<init>(NavBarElement.java:11)
at Pages.BasePage.<init>(BasePage.java:11)
at Elements.NavBarElement.<init>(NavBarElement.java:11)
at Pages.BasePage.<init>(BasePage.java:11)
at Elements.NavBarElement.<init>(NavBarElement.java:11)
at Pages.BasePage.<init>(BasePage.java:11)
at Elements.NavBarElement.<init>(NavBarElement.java:11)
at Pages.BasePage.<init>(BasePage.java:11)
at Elements.NavBarElement.<init>(NavBarElement.java:11)
at Pages.BasePage.<init>(BasePage.java:11)
at Elements.NavBarElement.<init>(NavBarElement.java:11)
at Pages.BasePage.<init>(BasePage.java:11)
at Elements.NavBarElement.<init>(NavBarElement.java:11)
at Pages.BasePage.<init>(BasePage.java:11)
at Elements.NavBarElement.<init>(NavBarElement.java:11)
at Pages.BasePage.<init>(BasePage.java:11)
at Elements.NavBarElement.<init>(NavBarElement.java:11)
at Pages.BasePage.<init>(BasePage.java:11)
at Elements.NavBarElement.<init>(NavBarElement.java:11)
at Pages.BasePage.<init>(BasePage.java:11)
at Elements.NavBarElement.<init>(NavBarElement.java:11)
at Pages.BasePage.<init>(BasePage.java:11)
at Elements.NavBarElement.<init>(NavBarElement.java:11)
at Pages.BasePage.<init>(BasePage.java:11)
at Elements.NavBarElement.<init>(NavBarElement.java:11)
at Pages.BasePage.<init>(BasePage.java:11)
at Elements.NavBarElement.<init>(NavBarElement.java:11)
at Pages.BasePage.<init>(BasePage.java:11)
at Elements.NavBarElement.<init>(NavBarElement.java:11)
at Pages.BasePage.<init>(BasePage.java:11)
at Elements.NavBarElement.<init>(NavBarElement.java:11)
at Pages.BasePage.<init>(BasePage.java:11)
at Elements.NavBarElement.<init>(NavBarElement.java:11)
at Pages.BasePage.<init>(BasePage.java:11)
at Elements.NavBarElement.<init>(NavBarElement.java:11)
at Pages.BasePage.<init>(BasePage.java:11)
at Elements.NavBarElement.<init>(NavBarElement.java:11)
at Pages.BasePage.<init>(BasePage.java:11)
at Elements.NavBarElement.<init>(NavBarElement.java:11)
at Pages.BasePage.<init>(BasePage.java:11)
at Elements.NavBarElement.<init>(NavBarElement.java:11)
at Pages.BasePage.<init>(BasePage.java:11)
at Elements.NavBarElement.<init>(NavBarElement.java:11)
at Pages.BasePage.<init>(BasePage.java:11)
at Elements.NavBarElement.<init>(NavBarElement.java:11)
at Pages.BasePage.<init>(BasePage.java:11)
at Elements.NavBarElement.<init>(NavBarElement.java:11)
at Pages.BasePage.<init>(BasePage.java:11)
at Elements.NavBarElement.<init>(NavBarElement.java:11)
at Pages.BasePage.<init>(BasePage.java:11)
at Elements.NavBarElement.<init>(NavBarElement.java:11)
at Pages.BasePage.<init>(BasePage.java:11)
at Elements.NavBarElement.<init>(NavBarElement.java:11)
at Pages.BasePage.<init>(BasePage.java:11)
at Elements.NavBarElement.<init>(NavBarElement.java:11)
at Pages.BasePage.<init>(BasePage.java:11)
at Elements.NavBarElement.<init>(NavBarElement.java:11)
at Pages.BasePage.<init>(BasePage.java:11)
at Elements.NavBarElement.<init>(NavBarElement.java:11)
at Pages.BasePage.<init>(BasePage.java:11)
at Elements.NavBarElement.<init>(NavBarElement.java:11)
at Pages.BasePage.<init>(BasePage.java:11)
at Elements.NavBarElement.<init>(NavBarElement.java:11)
at Pages.BasePage.<init>(BasePage.java:11)
at Elements.NavBarElement.<init>(NavBarElement.java:11)
at Pages.BasePage.<init>(BasePage.java:11)
at Elements.NavBarElement.<init>(NavBarElement.java:11)
at Pages.BasePage.<init>(BasePage.java:11)
at Elements.NavBarElement.<init>(NavBarElement.java:11)
at Pages.BasePage.<init>(BasePage.java:11)
at Elements.NavBarElement.<init>(NavBarElement.java:11)
at Pages.BasePage.<init>(BasePage.java:11)
at Elements.NavBarElement.<init>(NavBarElement.java:11)
at Pages.BasePage.<init>(BasePage.java:11)
at Elements.NavBarElement.<init>(NavBarElement.java:11)
at Pages.BasePage.<init>(BasePage.java:11)
at Elements.NavBarElement.<init>(NavBarElement.java:11)
at Pages.BasePage.<init>(BasePage.java:11)
at Elements.NavBarElement.<init>(NavBarElement.java:11)
at Pages.BasePage.<init>(BasePage.java:11)
at Elements.NavBarElement.<init>(NavBarElement.java:11)
at Pages.BasePage.<init>(BasePage.java:11)
at Elements.NavBarElement.<init>(NavBarElement.java:11)
at Pages.BasePage.<init>(BasePage.java:11)
at Elements.NavBarElement.<init>(NavBarElement.java:11)
at Pages.BasePage.<init>(BasePage.java:11)
at Elements.NavBarElement.<init>(NavBarElement.java:11)
at Pages.BasePage.<init>(BasePage.java:11)
at Elements.NavBarElement.<init>(NavBarElement.java:11)
at Pages.BasePage.<init>(BasePage.java:11)
at Elements.NavBarElement.<init>(NavBarElement.java:11)
at Pages.BasePage.<init>(BasePage.java:11)
at Elements.NavBarElement.<init>(NavBarElement.java:11)
at Pages.BasePage.<init>(BasePage.java:11)
at Elements.NavBarElement.<init>(NavBarElement.java:11)
at Pages.BasePage.<init>(BasePage.java:11)
at Elements.NavBarElement.<init>(NavBarElement.java:11)
at Pages.BasePage.<init>(BasePage.java:11)
at Elements.NavBarElement.<init>(NavBarElement.java:11)
at Pages.BasePage.<init>(BasePage.java:11)
at Elements.NavBarElement.<init>(NavBarElement.java:11)
at Pages.BasePage.<init>(BasePage.java:11)
at Elements.NavBarElement.<init>(NavBarElement.java:11)
at Pages.BasePage.<init>(BasePage.java:11)
at Elements.NavBarElement.<init>(NavBarElement.java:11)
at Pages.BasePage.<init>(BasePage.java:11)
at Elements.NavBarElement.<init>(NavBarElement.java:11)
at Pages.BasePage.<init>(BasePage.java:11)
at Elements.NavBarElement.<init>(NavBarElement.java:11)
at Pages.BasePage.<init>(BasePage.java:11)
at Elements.NavBarElement.<init>(NavBarElement.java:11)
at Pages.BasePage.<init>(BasePage.java:11)
at Elements.NavBarElement.<init>(NavBarElement.java:11)
at Pages.BasePage.<init>(BasePage.java:11)
at Elements.NavBarElement.<init>(NavBarElement.java:11)
at Pages.BasePage.<init>(BasePage.java:11)
at Elements.NavBarElement.<init>(NavBarElement.java:11)
at Pages.BasePage.<init>(BasePage.java:11)
at Elements.NavBarElement.<init>(NavBarElement.java:11)
at Pages.BasePage.<init>(BasePage.java:11)
at Elements.NavBarElement.<init>(NavBarElement.java:11)
at Pages.BasePage.<init>(BasePage.java:11)
at Elements.NavBarElement.<init>(NavBarElement.java:11)
at Pages.BasePage.<init>(BasePage.java:11)
at Elements.NavBarElement.<init>(NavBarElement.java:11)
at Pages.BasePage.<init>(BasePage.java:11)
at Elements.NavBarElement.<init>(NavBarElement.java:11)
at Pages.BasePage.<init>(BasePage.java:11)
at Elements.NavBarElement.<init>(NavBarElement.java:11)
at Pages.BasePage.<init>(BasePage.java:11)
at Elements.NavBarElement.<init>(NavBarElement.java:11)
at Pages.BasePage.<init>(BasePage.java:11)
at Elements.NavBarElement.<init>(NavBarElement.java:11)
at Pages.BasePage.<init>(BasePage.java:11)
at Elements.NavBarElement.<init>(NavBarElement.java:11)
at Pages.BasePage.<init>(BasePage.java:11)
at Elements.NavBarElement.<init>(NavBarElement.java:11)
at Pages.BasePage.<init>(BasePage.java:11)
at Elements.NavBarElement.<init>(NavBarElement.java:11)
at Pages.BasePage.<init>(BasePage.java:11)
at Elements.NavBarElement.<init>(NavBarElement.java:11)
at Pages.BasePage.<init>(BasePage.java:11)
at Elements.NavBarElement.<init>(NavBarElement.java:11)
at Pages.BasePage.<init>(BasePage.java:11)
at Elements.NavBarElement.<init>(NavBarElement.java:11)
at Pages.BasePage.<init>(BasePage.java:11)
at Elements.NavBarElement.<init>(NavBarElement.java:11)
at Pages.BasePage.<init>(BasePage.java:11)
at Elements.NavBarElement.<init>(NavBarElement.java:11)
at Pages.BasePage.<init>(BasePage.java:11)
at Elements.NavBarElement.<init>(NavBarElement.java:11)
at Pages.BasePage.<init>(BasePage.java:11)
at Elements.NavBarElement.<init>(NavBarElement.java:11)
at Pages.BasePage.<init>(BasePage.java:11)
at Elements.NavBarElement.<init>(NavBarElement.java:11)
at Pages.BasePage.<init>(BasePage.java:11)
at Elements.NavBarElement.<init>(NavBarElement.java:11)
at Pages.BasePage.<init>(BasePage.java:11)
at Elements.NavBarElement.<init>(NavBarElement.java:11)
at Pages.BasePage.<init>(BasePage.java:11)
at Elements.NavBarElement.<init>(NavBarElement.java:11)
at Pages.BasePage.<init>(BasePage.java:11)
at Elements.NavBarElement.<init>(NavBarElement.java:11)
at Pages.BasePage.<init>(BasePage.java:11)
at Elements.NavBarElement.<init>(NavBarElement.java:11)
at Pages.BasePage.<init>(BasePage.java:11)
at Elements.NavBarElement.<init>(NavBarElement.java:11)
at Pages.BasePage.<init>(BasePage.java:11)
at Elements.NavBarElement.<init>(NavBarElement.java:11)
at Pages.BasePage.<init>(BasePage.java:11)
at Elements.NavBarElement.<init>(NavBarElement.java:11)
at Pages.BasePage.<init>(BasePage.java:11)
at Elements.NavBarElement.<init>(NavBarElement.java:11)
at Pages.BasePage.<init>(BasePage.java:11)
at Elements.NavBarElement.<init>(NavBarElement.java:11)
at Pages.BasePage.<init>(BasePage.java:11)
at Elements.NavBarElement.<init>(NavBarElement.java:11)
at Pages.BasePage.<init>(BasePage.java:11)
at Elements.NavBarElement.<init>(NavBarElement.java:11)
at Pages.BasePage.<init>(BasePage.java:11)
at Elements.NavBarElement.<init>(NavBarElement.java:11)
at Pages.BasePage.<init>(BasePage.java:11)
at Elements.NavBarElement.<init>(NavBarElement.java:11)
at Pages.BasePage.<init>(BasePage.java:11)
at Elements.NavBarElement.<init>(NavBarElement.java:11)
at Pages.BasePage.<init>(BasePage.java:11)
at Elements.NavBarElement.<init>(NavBarElement.java:11)
at Pages.BasePage.<init>(BasePage.java:11)
at Elements.NavBarElement.<init>(NavBarElement.java:11)
at Pages.BasePage.<init>(BasePage.java:11)
at Elements.NavBarElement.<init>(NavBarElement.java:11)
at Pages.BasePage.<init>(BasePage.java:11)
at Elements.NavBarElement.<init>(NavBarElement.java:11)
at Pages.BasePage.<init>(BasePage.java:11)
at Elements.NavBarElement.<init>(NavBarElement.java:11)
at Pages.BasePage.<init>(BasePage.java:11)
at Elements.NavBarElement.<init>(NavBarElement.java:11)
at Pages.BasePage.<init>(BasePage.java:11)
at Elements.NavBarElement.<init>(NavBarElement.java:11)
at Pages.BasePage.<init>(BasePage.java:11)
at Elements.NavBarElement.<init>(NavBarElement.java:11)
at Pages.BasePage.<init>(BasePage.java:11)
at Elements.NavBarElement.<init>(NavBarElement.java:11)
at Pages.BasePage.<init>(BasePage.java:11)
at Elements.NavBarElement.<init>(NavBarElement.java:11)
at Pages.BasePage.<init>(BasePage.java:11)
at Elements.NavBarElement.<init>(NavBarElement.java:11)
at Pages.BasePage.<init>(BasePage.java:11)
at Elements.NavBarElement.<init>(NavBarElement.java:11)
at Pages.BasePage.<init>(BasePage.java:11)
at Elements.NavBarElement.<init>(NavBarElement.java:11)
at Pages.BasePage.<init>(BasePage.java:11)
at Elements.NavBarElement.<init>(NavBarElement.java:11)
at Pages.BasePage.<init>(BasePage.java:11)
at Elements.NavBarElement.<init>(NavBarElement.java:11)
at Pages.BasePage.<init>(BasePage.java:11)
at Elements.NavBarElement.<init>(NavBarElement.java:11)
at Pages.BasePage.<init>(BasePage.java:11)
at Elements.NavBarElement.<init>(NavBarElement.java:11)
at Pages.BasePage.<init>(BasePage.java:11)
at Elements.NavBarElement.<init>(NavBarElement.java:11)
at Pages.BasePage.<init>(BasePage.java:11)
at Elements.NavBarElement.<init>(NavBarElement.java:11)
at Pages.BasePage.<init>(BasePage.java:11)
at Elements.NavBarElement.<init>(NavBarElement.java:11)
at Pages.BasePage.<init>(BasePage.java:11)
at Elements.NavBarElement.<init>(NavBarElement.java:11)
at Pages.BasePage.<init>(BasePage.java:11)
at Elements.NavBarElement.<init>(NavBarElement.java:11)
at Pages.BasePage.<init>(BasePage.java:11)
at Elements.NavBarElement.<init>(NavBarElement.java:11)
at Pages.BasePage.<init>(BasePage.java:11)
at Elements.NavBarElement.<init>(NavBarElement.java:11)
at Pages.BasePage.<init>(BasePage.java:11)
at Elements.NavBarElement.<init>(NavBarElement.java:11)
at Pages.BasePage.<init>(BasePage.java:11)
at Elements.NavBarElement.<init>(NavBarElement.java:11)
at Pages.BasePage.<init>(BasePage.java:11)
at Elements.NavBarElement.<init>(NavBarElement.java:11)
at Pages.BasePage.<init>(BasePage.java:11)
at Elements.NavBarElement.<init>(NavBarElement.java:11)
at Pages.BasePage.<init>(BasePage.java:11)
at Elements.NavBarElement.<init>(NavBarElement.java:11)
at Pages.BasePage.<init>(BasePage.java:11)
at Elements.NavBarElement.<init>(NavBarElement.java:11)
at Pages.BasePage.<init>(BasePage.java:11)
at Elements.NavBarElement.<init>(NavBarElement.java:11)
at Pages.BasePage.<init>(BasePage.java:11)
at Elements.NavBarElement.<init>(NavBarElement.java:11)
at Pages.BasePage.<init>(BasePage.java:11)
at Elements.NavBarElement.<init>(NavBarElement.java:11)
at Pages.BasePage.<init>(BasePage.java:11)
at Elements.NavBarElement.<init>(NavBarElement.java:11)
at Pages.BasePage.<init>(BasePage.java:11)
at Elements.NavBarElement.<init>(NavBarElement.java:11)
at Pages.BasePage.<init>(BasePage.java:11)
at Elements.NavBarElement.<init>(NavBarElement.java:11)
at Pages.BasePage.<init>(BasePage.java:11)
at Elements.NavBarElement.<init>(NavBarElement.java:11)
at Pages.BasePage.<init>(BasePage.java:11)
at Elements.NavBarElement.<init>(NavBarElement.java:11)
at Pages.BasePage.<init>(BasePage.java:11)
at Elements.NavBarElement.<init>(NavBarElement.java:11)
at Pages.BasePage.<init>(BasePage.java:11)
at Elements.NavBarElement.<init>(NavBarElement.java:11)
at Pages.BasePage.<init>(BasePage.java:11)
at Elements.NavBarElement.<init>(NavBarElement.java:11)
at Pages.BasePage.<init>(BasePage.java:11)
at Elements.NavBarElement.<init>(NavBarElement.java:11)
at Pages.BasePage.<init>(BasePage.java:11)
at Elements.NavBarElement.<init>(NavBarElement.java:11)
at Pages.BasePage.<init>(BasePage.java:11)
at Elements.NavBarElement.<init>(NavBarElement.java:11)
at Pages.BasePage.<init>(BasePage.java:11)
at Elements.NavBarElement.<init>(NavBarElement.java:11)
at Pages.BasePage.<init>(BasePage.java:11)
at Elements.NavBarElement.<init>(NavBarElement.java:11)
at Pages.BasePage.<init>(BasePage.java:11)
at Elements.NavBarElement.<init>(NavBarElement.java:11)
at Pages.BasePage.<init>(BasePage.java:11)
at Elements.NavBarElement.<init>(NavBarElement.java:11)
at Pages.BasePage.<init>(BasePage.java:11)
at Elements.NavBarElement.<init>(NavBarElement.java:11)
at Pages.BasePage.<init>(BasePage.java:11)
at Elements.NavBarElement.<init>(NavBarElement.java:11)
at Pages.BasePage.<init>(BasePage.java:11)
at Elements.NavBarElement.<init>(NavBarElement.java:11)
at Pages.BasePage.<init>(BasePage.java:11)
at Elements.NavBarElement.<init>(NavBarElement.java:11)
at Pages.BasePage.<init>(BasePage.java:11)
at Elements.NavBarElement.<init>(NavBarElement.java:11)
at Pages.BasePage.<init>(BasePage.java:11)
at Elements.NavBarElement.<init>(NavBarElement.java:11)
at Pages.BasePage.<init>(BasePage.java:11)
at Elements.NavBarElement.<init>(NavBarElement.java:11)
at Pages.BasePage.<init>(BasePage.java:11)
at Elements.NavBarElement.<init>(NavBarElement.java:11)
at Pages.BasePage.<init>(BasePage.java:11)
at Elements.NavBarElement.<init>(NavBarElement.java:11)
at Pages.BasePage.<init>(BasePage.java:11)
at Elements.NavBarElement.<init>(NavBarElement.java:11)
at Pages.BasePage.<init>(BasePage.java:11)
at Elements.NavBarElement.<init>(NavBarElement.java:11)
at Pages.BasePage.<init>(BasePage.java:11)
at Elements.NavBarElement.<init>(NavBarElement.java:11)
at Pages.BasePage.<init>(BasePage.java:11)
at Elements.NavBarElement.<init>(NavBarElement.java:11)
at Pages.BasePage.<init>(BasePage.java:11)
at Elements.NavBarElement.<init>(NavBarElement.java:11)
at Pages.BasePage.<init>(BasePage.java:11)
at Elements.NavBarElement.<init>(NavBarElement.java:11)
at Pages.BasePage.<init>(BasePage.java:11)
at Elements.NavBarElement.<init>(NavBarElement.java:11)
at Pages.BasePage.<init>(BasePage.java:11)
at Elements.NavBarElement.<init>(NavBarElement.java:11)
at Pages.BasePage.<init>(BasePage.java:11)
]]>
    </failure>
  </testcase> <!-- AddToShoppingCart2 -->
</testsuite> <!-- Demo -->
